

<!DOCTYPE html>
<html>

<head>
	<meta charset='utf-8' /> 
	<meta name='description' content='' />
	<meta name='robots' content='noodp, noydir' />
	<meta name='viewport' content='width=device-width, initial-scale=1' />

	<link href='https://fonts.googleapis.com/css?family=Source+Sans+Pro:400,600' rel='stylesheet' type='text/css'>
	<link href="https://fonts.googleapis.com/icon?family=Material+Icons" rel="stylesheet">
	
		<link href='https://cdn.rawgit.com/anshooarora/extentreports-java/9fa70d0ed9c34a8ed445ceee3494d3d7de7f8918/dist/css/extent.css' type='text/css' rel='stylesheet' />
	
	<title>ExtentReports</title>

</head>
	<body class='extent standard default hide-overflow '>
		<div id='theme-selector' alt='Click to toggle theme. To enable by default, use theme configuration.' title='Click to toggle theme. To enable by default, use theme configuration.'>
			<span><i class='material-icons'>desktop_windows</i></span>
		</div>

<nav>
	<div class="nav-wrapper">
		<a href="#!" class="brand-logo blue darken-3">Extent</a>

		<!-- slideout menu -->
		<ul id='slide-out' class='side-nav fixed hide-on-med-and-down'>
			<li class='waves-effect active'><a href='#!' view='test-view' onclick="configureView(0);chartsView('test');"><i class='material-icons'>dashboard</i></a></li>
						<li class='waves-effect'><a href='#!' onclick="configureView(-1);chartsView('dashboard');" view='dashboard-view'><i class='material-icons'>track_changes</i></i></a></li>
		</ul>

		<!-- report name -->
		<span class='report-name'>ExtentReports</span>
		
		<!-- report headline -->
		<span class='report-headline'></span>

		<!-- nav-right -->
		<ul id='nav-mobile' class='right hide-on-med-and-down nav-right'>
			<a href='#!'>
				<span class='label suite-start-time'>Dec 5, 2019 6:49:56 AM</span>
			</a>
			<a href='#!'>
				<span class='label'>v3.0.3</span>
			</a>
		</ul>
	</div>
</nav>
		<!-- container -->
		<div class='container'>

<div id='test-view' class='view'>
				
	<section id='controls'>
		<div class='controls grey lighten-4'>
			<!-- test toggle -->
			<div class='chip transparent'>
				<a class='dropdown-button tests-toggle' data-activates='tests-toggle' data-constrainwidth='true' data-beloworigin='true' data-hover='true' href='#'>
					<i class='material-icons'>warning</i> Status
				</a>
				<ul id='tests-toggle' class='dropdown-content'>
											<li status='pass'><a href='#!'>Pass <i class='material-icons green-text'>check_circle</i></a></li>
						<li status='fail'><a href='#!'>Fail <i class='material-icons red-text'>cancel</i></a></li>
					<li class='divider'></li>
					<li status='clear' clear='true'><a href='#!'>Clear Filters <i class='material-icons'>clear</i></a></li>
				</ul>
			</div>
			<!-- test toggle -->

			<!-- category toggle -->
			<!-- category toggle -->

			<!-- clear filters -->
			<div class='chip transparent hide'>
				<a class='' id='clear-filters' alt='Clear Filters' title='Clear Filters'>
					<i class='material-icons'>close</i> Clear
				</a>
			</div>
			<!-- clear filters -->

			<!-- enable dashboard -->
			<div id='toggle-test-view-charts' class='chip transparent'>
				<a class='pink-text' id='enable-dashboard' alt='Enable Dashboard' title='Enable Dashboard'>
					<i class='material-icons'>track_changes</i> Dashboard
				</a>
			</div>
			<!-- enable dashboard -->

			<!-- search -->
			<div class='chip transparent' alt='Search Tests' title='Search Tests'>
				<a href="#" class='search-div'>
					<i class='material-icons'>search</i> Search
				</a>

				<div class='input-field left hide'>
					<input id='search-tests' type='text' class='validate browser-default' placeholder='Search Tests...'>
				</div>
				
			</div>
			<!-- search -->
		</div>
	</section>


<div id='test-view-charts' class='subview-full'>
	<div id='charts-row' class='row nm-v nm-h'>
		<div class='col s12 m6 l6 np-h'>
			<div class='card-panel nm-v'>
				<div class='left panel-name'>Tests</div>
				<div class='chart-box'>
					<canvas id='parent-analysis' width='100' height='80'></canvas>
				</div>
				<div class='block text-small'>
					<span><span class='strong'>4</span> test(s) passed</span>
				</div>
				<div class='block text-small'>
					<span class='strong'>7</span> test(s) failed, <span class='strong'>0</span> others
				</div>
			</div>
		</div>
		
		<div class='col s12 m6 l6 np-h'>
			<div class='card-panel nm-v'>
				<div class='left panel-name'>Steps</div>
				<div class='chart-box'>
					<canvas id='child-analysis' width='100' height='80'></canvas>
				</div>
				<div class='block text-small'>
					<span><span class='strong'>11</span> step(s) passed</span>
				</div>
				<div class='block text-small'>
					<span class='strong'>16</span> step(s) failed, <span class='strong'>19</span> others
				</div>
			</div>
		</div>
		
	</div>
</div>

	<div class='subview-left left'>
		
		<div class='view-summary'>
			<h5>Tests</h3>
			<ul id='test-collection' class='test-collection'>
				
				
				<li class='test displayed active  pass' status='pass' bdd='false' test-id='1'>
					<div class='test-heading'>
						<span class='test-name'>Batch56</span>
						<span class='test-time'>Dec 5, 2019 6:49:56 AM</span>
						<span class='test-status right pass'>pass</span>
					</div>
					<div class='test-content hide'>
<div class='test-time-info'>
	<span class='label start-time'>Dec 5, 2019 6:49:56 AM</span>
	<span class='label end-time'>Dec 5, 2019 6:50:10 AM</span>
	<span class='label time-taken grey lighten-1 white-text'>0h 0m 13s+762ms</span>
</div>
	<div class='test-steps'>
		<table class='bordered table-results'>
			<thead>
				<tr>
					<th>Status</th>
					<th>Timestamp</th>
					<th>Details</th>
				</tr>
			</thead>
			<tbody>
				<tr class='log' status='info'>
					<td class='status info' title='info' alt='info'><i class='material-icons'>info_outline</i></td>
					<td class='timestamp'>6:50:01 AM</td>
					<td class='step-details'>IntiateBrowser</td>
				</tr>
				<tr class='log' status='pass'>
					<td class='status pass' title='pass' alt='pass'><i class='material-icons'>check_circle</i></td>
					<td class='timestamp'>6:50:01 AM</td>
					<td class='step-details'>IntiateBrowser has executed successfully<img data-featherlight='D:\Repository\Credit_services/src/Provident/Screnshots/IntiateBrowser12-05-2019 06-50-01.png' width='10%' src='' data-src='D:\Repository\Credit_services/src/Provident/Screnshots/IntiateBrowser12-05-2019 06-50-01.png'></td>
				</tr>
				<tr class='log' status='info'>
					<td class='status info' title='info' alt='info'><i class='material-icons'>info_outline</i></td>
					<td class='timestamp'>6:50:09 AM</td>
					<td class='step-details'>BO_Login</td>
				</tr>
				<tr class='log' status='pass'>
					<td class='status pass' title='pass' alt='pass'><i class='material-icons'>check_circle</i></td>
					<td class='timestamp'>6:50:10 AM</td>
					<td class='step-details'>BO_Login has executed successfully<img data-featherlight='D:\Repository\Credit_services/src/Provident/Screnshots/BO_Login12-05-2019 06-50-10.png' width='10%' src='' data-src='D:\Repository\Credit_services/src/Provident/Screnshots/BO_Login12-05-2019 06-50-10.png'></td>
				</tr>
			</tbody>
		</table>
	</div>
					</div>
				</li>
				
				
				<li class='test displayed active  fail' status='fail' bdd='false' test-id='2'>
					<div class='test-heading'>
						<span class='test-name'>AGR53_TC132_2</span>
						<span class='test-time'>Dec 5, 2019 8:03:40 AM</span>
						<span class='test-status right fail'>fail</span>
					</div>
					<div class='test-content hide'>
<div class='test-time-info'>
	<span class='label start-time'>Dec 5, 2019 8:03:40 AM</span>
	<span class='label end-time'>Dec 5, 2019 8:03:56 AM</span>
	<span class='label time-taken grey lighten-1 white-text'>0h 0m 15s+457ms</span>
</div>
	<div class='test-desc'>Verify that if all payments on an agreement arranged on the new monthly product are met, the agreement terminates normally at term end (with zero balance or within specified tolerance). </div>
	<div class='test-steps'>
		<table class='bordered table-results'>
			<thead>
				<tr>
					<th>Status</th>
					<th>Timestamp</th>
					<th>Details</th>
				</tr>
			</thead>
			<tbody>
				<tr class='log' status='info'>
					<td class='status info' title='info' alt='info'><i class='material-icons'>info_outline</i></td>
					<td class='timestamp'>8:03:49 AM</td>
					<td class='step-details'>BO_Login</td>
				</tr>
				<tr class='log' status='pass'>
					<td class='status pass' title='pass' alt='pass'><i class='material-icons'>check_circle</i></td>
					<td class='timestamp'>8:03:50 AM</td>
					<td class='step-details'>BO_Login has executed successfully<img data-featherlight='D:\Repository\Credit_services/src/Provident/Screnshots/BO_Login12-05-2019 08-03-50.png' width='10%' src='' data-src='D:\Repository\Credit_services/src/Provident/Screnshots/BO_Login12-05-2019 08-03-50.png'></td>
				</tr>
				<tr class='log' status='info'>
					<td class='status info' title='info' alt='info'><i class='material-icons'>info_outline</i></td>
					<td class='timestamp'>8:03:55 AM</td>
					<td class='step-details'>BO_cashposting Initiated</td>
				</tr>
				<tr class='log' status='fail'>
					<td class='status fail' title='fail' alt='fail'><i class='material-icons'>cancel</i></td>
					<td class='timestamp'>8:03:56 AM</td>
					<td class='step-details'>BO_cashposting has failed find the below Screenshot<img data-featherlight='D:\Repository\Credit_services/src/Provident/Screnshots/BO_cashposting12-05-2019 08-03-56.png' width='10%' src='' data-src='D:\Repository\Credit_services/src/Provident/Screnshots/BO_cashposting12-05-2019 08-03-56.png'></td>
				</tr>
				<tr class='log' status='fail'>
					<td class='status fail' title='fail' alt='fail'><i class='material-icons'>cancel</i></td>
					<td class='timestamp'>8:03:56 AM</td>
					<td class='step-details'>org.openqa.selenium.NoSuchElementException: no such element: Unable to locate element: {"method":"xpath","selector":"//div[text()='Open']"}
  (Session info: chrome=78.0.3904.87)
  (Driver info: chromedriver=2.36.540470 (e522d04694c7ebea4ba8821272dbef4f9b818c91),platform=Windows NT 6.3.9600 x86_64) (WARNING: The server did not provide any stacktrace information)
Command duration or timeout: 5.09 seconds
For documentation on this error, please visit: http://seleniumhq.org/exceptions/no_such_element.html
Build info: version: 'unknown', revision: '5234b32', time: '2017-03-10 09:00:17 -0800'
System info: host: 'GRVMDEVWKSH214', ip: '172.27.66.214', os.name: 'Windows Server 2012 R2', os.arch: 'amd64', os.version: '6.3', java.version: '1.8.0_221'
Driver info: org.openqa.selenium.chrome.ChromeDriver
Capabilities [{applicationCacheEnabled=false, rotatable=false, mobileEmulationEnabled=false, networkConnectionEnabled=false, chrome={chromedriverVersion=2.36.540470 (e522d04694c7ebea4ba8821272dbef4f9b818c91), userDataDir=C:\Users\liyakaS\AppData\Local\Temp\scoped_dir13400_12243}, takesHeapSnapshot=true, pageLoadStrategy=normal, databaseEnabled=false, handlesAlerts=true, hasTouchScreen=false, version=78.0.3904.87, platform=WIN8_1, browserConnectionEnabled=false, nativeEvents=true, acceptSslCerts=false, acceptInsecureCerts=false, locationContextEnabled=true, webStorageEnabled=true, browserName=chrome, takesScreenshot=true, javascriptEnabled=true, cssSelectorsEnabled=true, setWindowRect=true, unexpectedAlertBehaviour=}]
Session ID: df911854eaed166903956bd426731968
*** Element info: {Using=xpath, value=//div[text()='Open']}</td>
				</tr>
			</tbody>
		</table>
	</div>
					</div>
				</li>
				
				
				<li class='test displayed active  pass' status='pass' bdd='false' test-id='3'>
					<div class='test-heading'>
						<span class='test-name'>AGR9_TC108_1</span>
						<span class='test-time'>Dec 5, 2019 8:03:56 AM</span>
						<span class='test-status right pass'>pass</span>
					</div>
					<div class='test-content hide'>
<div class='test-time-info'>
	<span class='label start-time'>Dec 5, 2019 8:03:56 AM</span>
	<span class='label end-time'>Dec 5, 2019 8:04:32 AM</span>
	<span class='label time-taken grey lighten-1 white-text'>0h 0m 36s+152ms</span>
</div>
	<div class='test-desc'>Verify that when a temporary arrangement is set up for the new monthly product using front Office with a repayment date which falls on the end of the month (e.g. 28th in February or 30th in November) as the first due date, the following arrangement dates in the schedule remain on that date (i.e. '28' or '30') and do not get set to the last day of the month thereafter. </div>
	<div class='test-steps'>
		<table class='bordered table-results'>
			<thead>
				<tr>
					<th>Status</th>
					<th>Timestamp</th>
					<th>Details</th>
				</tr>
			</thead>
			<tbody>
				<tr class='log' status='info'>
					<td class='status info' title='info' alt='info'><i class='material-icons'>info_outline</i></td>
					<td class='timestamp'>8:04:32 AM</td>
					<td class='step-details'>FO_temporary_arrangement</td>
				</tr>
				<tr class='log' status='pass'>
					<td class='status pass' title='pass' alt='pass'><i class='material-icons'>check_circle</i></td>
					<td class='timestamp'>8:04:32 AM</td>
					<td class='step-details'>FO_temporary_arrangement has executed successfully<img data-featherlight='D:\Repository\Credit_services/src/Provident/Screnshots/FO_temporary_arrangement12-05-2019 08-04-32.png' width='10%' src='' data-src='D:\Repository\Credit_services/src/Provident/Screnshots/FO_temporary_arrangement12-05-2019 08-04-32.png'></td>
				</tr>
			</tbody>
		</table>
	</div>
					</div>
				</li>
				
				
				<li class='test displayed active  fail' status='fail' bdd='false' test-id='4'>
					<div class='test-heading'>
						<span class='test-name'>AGR6_TC107_1</span>
						<span class='test-time'>Dec 5, 2019 8:04:40 AM</span>
						<span class='test-status right fail'>fail</span>
					</div>
					<div class='test-content hide'>
<div class='test-time-info'>
	<span class='label start-time'>Dec 5, 2019 8:04:40 AM</span>
	<span class='label end-time'>Dec 5, 2019 8:05:00 AM</span>
	<span class='label time-taken grey lighten-1 white-text'>0h 0m 19s+849ms</span>
</div>
	<div class='test-desc'>Verify that a temporary arrangement (overpayment) can be set up for an agreement on the new monthly product via Front Office (Servicing). Days 29, 30 and 31 can be specified for temporary arrangements (as well as 1 - 28) </div>
	<div class='test-steps'>
		<table class='bordered table-results'>
			<thead>
				<tr>
					<th>Status</th>
					<th>Timestamp</th>
					<th>Details</th>
				</tr>
			</thead>
			<tbody>
				<tr class='log' status='info'>
					<td class='status info' title='info' alt='info'><i class='material-icons'>info_outline</i></td>
					<td class='timestamp'>8:04:59 AM</td>
					<td class='step-details'>FO_highamount_temparg Initiated</td>
				</tr>
				<tr class='log' status='fail'>
					<td class='status fail' title='fail' alt='fail'><i class='material-icons'>cancel</i></td>
					<td class='timestamp'>8:05:00 AM</td>
					<td class='step-details'>FO_highamount_temparg has failed find the below Screenshot<img data-featherlight='D:\Repository\Credit_services/src/Provident/Screnshots/FO_highamount_temparg12-05-2019 08-05-00.png' width='10%' src='' data-src='D:\Repository\Credit_services/src/Provident/Screnshots/FO_highamount_temparg12-05-2019 08-05-00.png'></td>
				</tr>
				<tr class='log' status='fail'>
					<td class='status fail' title='fail' alt='fail'><i class='material-icons'>cancel</i></td>
					<td class='timestamp'>8:05:00 AM</td>
					<td class='step-details'>org.openqa.selenium.NoSuchElementException: no such element: Unable to locate element: {"method":"link text","selector":"Temporary Arrangement"}
  (Session info: chrome=78.0.3904.87)
  (Driver info: chromedriver=2.36.540470 (e522d04694c7ebea4ba8821272dbef4f9b818c91),platform=Windows NT 6.3.9600 x86_64) (WARNING: The server did not provide any stacktrace information)
Command duration or timeout: 5.02 seconds
For documentation on this error, please visit: http://seleniumhq.org/exceptions/no_such_element.html
Build info: version: 'unknown', revision: '5234b32', time: '2017-03-10 09:00:17 -0800'
System info: host: 'GRVMDEVWKSH214', ip: '172.27.66.214', os.name: 'Windows Server 2012 R2', os.arch: 'amd64', os.version: '6.3', java.version: '1.8.0_221'
Driver info: org.openqa.selenium.chrome.ChromeDriver
Capabilities [{applicationCacheEnabled=false, rotatable=false, mobileEmulationEnabled=false, networkConnectionEnabled=false, chrome={chromedriverVersion=2.36.540470 (e522d04694c7ebea4ba8821272dbef4f9b818c91), userDataDir=C:\Users\liyakaS\AppData\Local\Temp\scoped_dir13400_12243}, takesHeapSnapshot=true, pageLoadStrategy=normal, databaseEnabled=false, handlesAlerts=true, hasTouchScreen=false, version=78.0.3904.87, platform=WIN8_1, browserConnectionEnabled=false, nativeEvents=true, acceptSslCerts=false, acceptInsecureCerts=false, locationContextEnabled=true, webStorageEnabled=true, browserName=chrome, takesScreenshot=true, javascriptEnabled=true, cssSelectorsEnabled=true, setWindowRect=true, unexpectedAlertBehaviour=}]
Session ID: df911854eaed166903956bd426731968
*** Element info: {Using=link text, value=Temporary Arrangement}</td>
				</tr>
			</tbody>
		</table>
	</div>
					</div>
				</li>
				
				
				<li class='test displayed active  pass' status='pass' bdd='false' test-id='5'>
					<div class='test-heading'>
						<span class='test-name'>AGR8_TC106_1</span>
						<span class='test-time'>Dec 5, 2019 8:05:00 AM</span>
						<span class='test-status right pass'>pass</span>
					</div>
					<div class='test-content hide'>
<div class='test-time-info'>
	<span class='label start-time'>Dec 5, 2019 8:05:00 AM</span>
	<span class='label end-time'>Dec 5, 2019 8:05:25 AM</span>
	<span class='label time-taken grey lighten-1 white-text'>0h 0m 24s+309ms</span>
</div>
	<div class='test-desc'>Verify that a temporary arrangement (underpayments) can be set up for an agreement on the new monthly product via Front Office (Collections). Days 29, 30 and 31 can be specified for temporary arrangements (as well as 1 - 28). </div>
	<div class='test-steps'>
		<table class='bordered table-results'>
			<thead>
				<tr>
					<th>Status</th>
					<th>Timestamp</th>
					<th>Details</th>
				</tr>
			</thead>
			<tbody>
				<tr class='log' status='info'>
					<td class='status info' title='info' alt='info'><i class='material-icons'>info_outline</i></td>
					<td class='timestamp'>8:05:24 AM</td>
					<td class='step-details'>FO_highamount_temparg</td>
				</tr>
				<tr class='log' status='pass'>
					<td class='status pass' title='pass' alt='pass'><i class='material-icons'>check_circle</i></td>
					<td class='timestamp'>8:05:25 AM</td>
					<td class='step-details'>FO_highamount_temparg has executed successfully<img data-featherlight='D:\Repository\Credit_services/src/Provident/Screnshots/FO_highamount_temparg12-05-2019 08-05-25.png' width='10%' src='' data-src='D:\Repository\Credit_services/src/Provident/Screnshots/FO_highamount_temparg12-05-2019 08-05-25.png'></td>
				</tr>
			</tbody>
		</table>
	</div>
					</div>
				</li>
				
				
				<li class='test displayed active  fail' status='fail' bdd='false' test-id='6'>
					<div class='test-heading'>
						<span class='test-name'>AGR14_TC119_1</span>
						<span class='test-time'>Dec 5, 2019 8:05:30 AM</span>
						<span class='test-status right fail'>fail</span>
					</div>
					<div class='test-content hide'>
<div class='test-time-info'>
	<span class='label start-time'>Dec 5, 2019 8:05:30 AM</span>
	<span class='label end-time'>Dec 5, 2019 8:06:06 AM</span>
	<span class='label time-taken grey lighten-1 white-text'>0h 0m 36s+720ms</span>
</div>
	<div class='test-desc'>Check that when a payment is made via Back Office that matches the settlement quote 'settlement' figure, the payment is recognised as a settlement payment and transaction is posted as a SET transaction. </div>
	<div class='test-steps'>
		<table class='bordered table-results'>
			<thead>
				<tr>
					<th>Status</th>
					<th>Timestamp</th>
					<th>Details</th>
				</tr>
			</thead>
			<tbody>
				<tr class='log' status='info'>
					<td class='status info' title='info' alt='info'><i class='material-icons'>info_outline</i></td>
					<td class='timestamp'>8:05:38 AM</td>
					<td class='step-details'>BO_Login</td>
				</tr>
				<tr class='log' status='pass'>
					<td class='status pass' title='pass' alt='pass'><i class='material-icons'>check_circle</i></td>
					<td class='timestamp'>8:05:38 AM</td>
					<td class='step-details'>BO_Login has executed successfully<img data-featherlight='D:\Repository\Credit_services/src/Provident/Screnshots/BO_Login12-05-2019 08-05-38.png' width='10%' src='' data-src='D:\Repository\Credit_services/src/Provident/Screnshots/BO_Login12-05-2019 08-05-38.png'></td>
				</tr>
				<tr class='log' status='info'>
					<td class='status info' title='info' alt='info'><i class='material-icons'>info_outline</i></td>
					<td class='timestamp'>8:05:58 AM</td>
					<td class='step-details'>searchAgreement Initiated</td>
				</tr>
				<tr class='log' status='fail'>
					<td class='status fail' title='fail' alt='fail'><i class='material-icons'>cancel</i></td>
					<td class='timestamp'>8:05:58 AM</td>
					<td class='step-details'>searchAgreement has failed find the below Screenshot<img data-featherlight='D:\Repository\Credit_services/src/Provident/Screnshots/searchAgreement12-05-2019 08-05-58.png' width='10%' src='' data-src='D:\Repository\Credit_services/src/Provident/Screnshots/searchAgreement12-05-2019 08-05-58.png'></td>
				</tr>
				<tr class='log' status='fail'>
					<td class='status fail' title='fail' alt='fail'><i class='material-icons'>cancel</i></td>
					<td class='timestamp'>8:05:58 AM</td>
					<td class='step-details'>org.openqa.selenium.NoSuchElementException: no such element: Unable to locate element: {"method":"xpath","selector":"//div[text()='Agreement:']/ancestor::div[3]/div[2]/input"}
  (Session info: chrome=78.0.3904.87)
  (Driver info: chromedriver=2.36.540470 (e522d04694c7ebea4ba8821272dbef4f9b818c91),platform=Windows NT 6.3.9600 x86_64) (WARNING: The server did not provide any stacktrace information)
Command duration or timeout: 5.08 seconds
For documentation on this error, please visit: http://seleniumhq.org/exceptions/no_such_element.html
Build info: version: 'unknown', revision: '5234b32', time: '2017-03-10 09:00:17 -0800'
System info: host: 'GRVMDEVWKSH214', ip: '172.27.66.214', os.name: 'Windows Server 2012 R2', os.arch: 'amd64', os.version: '6.3', java.version: '1.8.0_221'
Driver info: org.openqa.selenium.chrome.ChromeDriver
Capabilities [{applicationCacheEnabled=false, rotatable=false, mobileEmulationEnabled=false, networkConnectionEnabled=false, chrome={chromedriverVersion=2.36.540470 (e522d04694c7ebea4ba8821272dbef4f9b818c91), userDataDir=C:\Users\liyakaS\AppData\Local\Temp\scoped_dir13400_12243}, takesHeapSnapshot=true, pageLoadStrategy=normal, databaseEnabled=false, handlesAlerts=true, hasTouchScreen=false, version=78.0.3904.87, platform=WIN8_1, browserConnectionEnabled=false, nativeEvents=true, acceptSslCerts=false, acceptInsecureCerts=false, locationContextEnabled=true, webStorageEnabled=true, browserName=chrome, takesScreenshot=true, javascriptEnabled=true, cssSelectorsEnabled=true, setWindowRect=true, unexpectedAlertBehaviour=}]
Session ID: df911854eaed166903956bd426731968
*** Element info: {Using=xpath, value=//div[text()='Agreement:']/ancestor::div[3]/div[2]/input}</td>
				</tr>
				<tr class='log' status='info'>
					<td class='status info' title='info' alt='info'><i class='material-icons'>info_outline</i></td>
					<td class='timestamp'>8:06:06 AM</td>
					<td class='step-details'>BO_cashposting Initiated</td>
				</tr>
				<tr class='log' status='fail'>
					<td class='status fail' title='fail' alt='fail'><i class='material-icons'>cancel</i></td>
					<td class='timestamp'>8:06:06 AM</td>
					<td class='step-details'>BO_cashposting has failed find the below Screenshot<img data-featherlight='D:\Repository\Credit_services/src/Provident/Screnshots/BO_cashposting12-05-2019 08-06-06.png' width='10%' src='' data-src='D:\Repository\Credit_services/src/Provident/Screnshots/BO_cashposting12-05-2019 08-06-06.png'></td>
				</tr>
				<tr class='log' status='fail'>
					<td class='status fail' title='fail' alt='fail'><i class='material-icons'>cancel</i></td>
					<td class='timestamp'>8:06:06 AM</td>
					<td class='step-details'>org.openqa.selenium.NoSuchElementException: no such element: Unable to locate element: {"method":"xpath","selector":"//div[@name='MaintainAgreementDetailsWindow.View']"}
  (Session info: chrome=78.0.3904.87)
  (Driver info: chromedriver=2.36.540470 (e522d04694c7ebea4ba8821272dbef4f9b818c91),platform=Windows NT 6.3.9600 x86_64) (WARNING: The server did not provide any stacktrace information)
Command duration or timeout: 5.08 seconds
For documentation on this error, please visit: http://seleniumhq.org/exceptions/no_such_element.html
Build info: version: 'unknown', revision: '5234b32', time: '2017-03-10 09:00:17 -0800'
System info: host: 'GRVMDEVWKSH214', ip: '172.27.66.214', os.name: 'Windows Server 2012 R2', os.arch: 'amd64', os.version: '6.3', java.version: '1.8.0_221'
Driver info: org.openqa.selenium.chrome.ChromeDriver
Capabilities [{applicationCacheEnabled=false, rotatable=false, mobileEmulationEnabled=false, networkConnectionEnabled=false, chrome={chromedriverVersion=2.36.540470 (e522d04694c7ebea4ba8821272dbef4f9b818c91), userDataDir=C:\Users\liyakaS\AppData\Local\Temp\scoped_dir13400_12243}, takesHeapSnapshot=true, pageLoadStrategy=normal, databaseEnabled=false, handlesAlerts=true, hasTouchScreen=false, version=78.0.3904.87, platform=WIN8_1, browserConnectionEnabled=false, nativeEvents=true, acceptSslCerts=false, acceptInsecureCerts=false, locationContextEnabled=true, webStorageEnabled=true, browserName=chrome, takesScreenshot=true, javascriptEnabled=true, cssSelectorsEnabled=true, setWindowRect=true, unexpectedAlertBehaviour=}]
Session ID: df911854eaed166903956bd426731968
*** Element info: {Using=xpath, value=//div[@name='MaintainAgreementDetailsWindow.View']}</td>
				</tr>
			</tbody>
		</table>
	</div>
					</div>
				</li>
				
				
				<li class='test displayed active  fail' status='fail' bdd='false' test-id='7'>
					<div class='test-heading'>
						<span class='test-name'>AGR15_TC120_1</span>
						<span class='test-time'>Dec 5, 2019 8:06:07 AM</span>
						<span class='test-status right fail'>fail</span>
					</div>
					<div class='test-content hide'>
<div class='test-time-info'>
	<span class='label start-time'>Dec 5, 2019 8:06:07 AM</span>
	<span class='label end-time'>Dec 5, 2019 8:06:36 AM</span>
	<span class='label time-taken grey lighten-1 white-text'>0h 0m 29s+84ms</span>
</div>
	<div class='test-desc'>Check that when a payment is made via Front Office (Servicing) that matches the settlement quote 'settlement' figure, the payment is recognised as a settlement payment and transaction is posted as a SET transaction. </div>
	<div class='test-steps'>
		<table class='bordered table-results'>
			<thead>
				<tr>
					<th>Status</th>
					<th>Timestamp</th>
					<th>Details</th>
				</tr>
			</thead>
			<tbody>
				<tr class='log' status='info'>
					<td class='status info' title='info' alt='info'><i class='material-icons'>info_outline</i></td>
					<td class='timestamp'>8:06:14 AM</td>
					<td class='step-details'>BO_Login</td>
				</tr>
				<tr class='log' status='pass'>
					<td class='status pass' title='pass' alt='pass'><i class='material-icons'>check_circle</i></td>
					<td class='timestamp'>8:06:15 AM</td>
					<td class='step-details'>BO_Login has executed successfully<img data-featherlight='D:\Repository\Credit_services/src/Provident/Screnshots/BO_Login12-05-2019 08-06-15.png' width='10%' src='' data-src='D:\Repository\Credit_services/src/Provident/Screnshots/BO_Login12-05-2019 08-06-15.png'></td>
				</tr>
				<tr class='log' status='info'>
					<td class='status info' title='info' alt='info'><i class='material-icons'>info_outline</i></td>
					<td class='timestamp'>8:06:35 AM</td>
					<td class='step-details'>Temporary_Arrangement Initiated</td>
				</tr>
				<tr class='log' status='fail'>
					<td class='status fail' title='fail' alt='fail'><i class='material-icons'>cancel</i></td>
					<td class='timestamp'>8:06:36 AM</td>
					<td class='step-details'>Temporary_Arrangement has failed find the below Screenshot<img data-featherlight='D:\Repository\Credit_services/src/Provident/Screnshots/Temporary_Arrangement12-05-2019 08-06-36.png' width='10%' src='' data-src='D:\Repository\Credit_services/src/Provident/Screnshots/Temporary_Arrangement12-05-2019 08-06-36.png'></td>
				</tr>
				<tr class='log' status='fail'>
					<td class='status fail' title='fail' alt='fail'><i class='material-icons'>cancel</i></td>
					<td class='timestamp'>8:06:36 AM</td>
					<td class='step-details'>org.openqa.selenium.NoSuchElementException: no such element: Unable to locate element: {"method":"xpath","selector":"//div[@name='MaintainAgreementDetailsWindow.Maintain']"}
  (Session info: chrome=78.0.3904.87)
  (Driver info: chromedriver=2.36.540470 (e522d04694c7ebea4ba8821272dbef4f9b818c91),platform=Windows NT 6.3.9600 x86_64) (WARNING: The server did not provide any stacktrace information)
Command duration or timeout: 5.06 seconds
For documentation on this error, please visit: http://seleniumhq.org/exceptions/no_such_element.html
Build info: version: 'unknown', revision: '5234b32', time: '2017-03-10 09:00:17 -0800'
System info: host: 'GRVMDEVWKSH214', ip: '172.27.66.214', os.name: 'Windows Server 2012 R2', os.arch: 'amd64', os.version: '6.3', java.version: '1.8.0_221'
Driver info: org.openqa.selenium.chrome.ChromeDriver
Capabilities [{applicationCacheEnabled=false, rotatable=false, mobileEmulationEnabled=false, networkConnectionEnabled=false, chrome={chromedriverVersion=2.36.540470 (e522d04694c7ebea4ba8821272dbef4f9b818c91), userDataDir=C:\Users\liyakaS\AppData\Local\Temp\scoped_dir13400_12243}, takesHeapSnapshot=true, pageLoadStrategy=normal, databaseEnabled=false, handlesAlerts=true, hasTouchScreen=false, version=78.0.3904.87, platform=WIN8_1, browserConnectionEnabled=false, nativeEvents=true, acceptSslCerts=false, acceptInsecureCerts=false, locationContextEnabled=true, webStorageEnabled=true, browserName=chrome, takesScreenshot=true, javascriptEnabled=true, cssSelectorsEnabled=true, setWindowRect=true, unexpectedAlertBehaviour=}]
Session ID: df911854eaed166903956bd426731968
*** Element info: {Using=xpath, value=//div[@name='MaintainAgreementDetailsWindow.Maintain']}</td>
				</tr>
			</tbody>
		</table>
	</div>
					</div>
				</li>
				
				
				<li class='test displayed active  fail' status='fail' bdd='false' test-id='8'>
					<div class='test-heading'>
						<span class='test-name'>AGR14_TC121_1</span>
						<span class='test-time'>Dec 5, 2019 8:06:36 AM</span>
						<span class='test-status right fail'>fail</span>
					</div>
					<div class='test-content hide'>
<div class='test-time-info'>
	<span class='label start-time'>Dec 5, 2019 8:06:36 AM</span>
	<span class='label end-time'>Dec 5, 2019 8:07:05 AM</span>
	<span class='label time-taken grey lighten-1 white-text'>0h 0m 28s+346ms</span>
</div>
	<div class='test-desc'>Verify that an early settlement for an agreement for the new monthly product can be reversed. </div>
	<div class='test-steps'>
		<table class='bordered table-results'>
			<thead>
				<tr>
					<th>Status</th>
					<th>Timestamp</th>
					<th>Details</th>
				</tr>
			</thead>
			<tbody>
				<tr class='log' status='info'>
					<td class='status info' title='info' alt='info'><i class='material-icons'>info_outline</i></td>
					<td class='timestamp'>8:06:43 AM</td>
					<td class='step-details'>BO_Login</td>
				</tr>
				<tr class='log' status='pass'>
					<td class='status pass' title='pass' alt='pass'><i class='material-icons'>check_circle</i></td>
					<td class='timestamp'>8:06:44 AM</td>
					<td class='step-details'>BO_Login has executed successfully<img data-featherlight='D:\Repository\Credit_services/src/Provident/Screnshots/BO_Login12-05-2019 08-06-44.png' width='10%' src='' data-src='D:\Repository\Credit_services/src/Provident/Screnshots/BO_Login12-05-2019 08-06-44.png'></td>
				</tr>
				<tr class='log' status='info'>
					<td class='status info' title='info' alt='info'><i class='material-icons'>info_outline</i></td>
					<td class='timestamp'>8:07:04 AM</td>
					<td class='step-details'>BO_Settlement_Quote Initiated</td>
				</tr>
				<tr class='log' status='fail'>
					<td class='status fail' title='fail' alt='fail'><i class='material-icons'>cancel</i></td>
					<td class='timestamp'>8:07:05 AM</td>
					<td class='step-details'>BO_Settlement_Quote has failed find the below Screenshot<img data-featherlight='D:\Repository\Credit_services/src/Provident/Screnshots/BO_Settlement_Quote12-05-2019 08-07-05.png' width='10%' src='' data-src='D:\Repository\Credit_services/src/Provident/Screnshots/BO_Settlement_Quote12-05-2019 08-07-05.png'></td>
				</tr>
				<tr class='log' status='fail'>
					<td class='status fail' title='fail' alt='fail'><i class='material-icons'>cancel</i></td>
					<td class='timestamp'>8:07:05 AM</td>
					<td class='step-details'>org.openqa.selenium.NoSuchElementException: no such element: Unable to locate element: {"method":"xpath","selector":"//div[@name='MaintainAgreementDetailsWindow.Maintain']"}
  (Session info: chrome=78.0.3904.87)
  (Driver info: chromedriver=2.36.540470 (e522d04694c7ebea4ba8821272dbef4f9b818c91),platform=Windows NT 6.3.9600 x86_64) (WARNING: The server did not provide any stacktrace information)
Command duration or timeout: 5.03 seconds
For documentation on this error, please visit: http://seleniumhq.org/exceptions/no_such_element.html
Build info: version: 'unknown', revision: '5234b32', time: '2017-03-10 09:00:17 -0800'
System info: host: 'GRVMDEVWKSH214', ip: '172.27.66.214', os.name: 'Windows Server 2012 R2', os.arch: 'amd64', os.version: '6.3', java.version: '1.8.0_221'
Driver info: org.openqa.selenium.chrome.ChromeDriver
Capabilities [{applicationCacheEnabled=false, rotatable=false, mobileEmulationEnabled=false, networkConnectionEnabled=false, chrome={chromedriverVersion=2.36.540470 (e522d04694c7ebea4ba8821272dbef4f9b818c91), userDataDir=C:\Users\liyakaS\AppData\Local\Temp\scoped_dir13400_12243}, takesHeapSnapshot=true, pageLoadStrategy=normal, databaseEnabled=false, handlesAlerts=true, hasTouchScreen=false, version=78.0.3904.87, platform=WIN8_1, browserConnectionEnabled=false, nativeEvents=true, acceptSslCerts=false, acceptInsecureCerts=false, locationContextEnabled=true, webStorageEnabled=true, browserName=chrome, takesScreenshot=true, javascriptEnabled=true, cssSelectorsEnabled=true, setWindowRect=true, unexpectedAlertBehaviour=}]
Session ID: df911854eaed166903956bd426731968
*** Element info: {Using=xpath, value=//div[@name='MaintainAgreementDetailsWindow.Maintain']}</td>
				</tr>
			</tbody>
		</table>
	</div>
					</div>
				</li>
				
				
				<li class='test displayed active  fail' status='fail' bdd='false' test-id='9'>
					<div class='test-heading'>
						<span class='test-name'>AGR30_TC137_1</span>
						<span class='test-time'>Dec 5, 2019 8:07:05 AM</span>
						<span class='test-status right fail'>fail</span>
					</div>
					<div class='test-content hide'>
<div class='test-time-info'>
	<span class='label start-time'>Dec 5, 2019 8:07:05 AM</span>
	<span class='label end-time'>Dec 5, 2019 8:07:44 AM</span>
	<span class='label time-taken grey lighten-1 white-text'>0h 0m 38s+913ms</span>
</div>
	<div class='test-desc'>Verify that a MONA6 letter is automatically triggered. The letter contains the correct values in the variables defined. </div>
	<div class='test-steps'>
		<table class='bordered table-results'>
			<thead>
				<tr>
					<th>Status</th>
					<th>Timestamp</th>
					<th>Details</th>
				</tr>
			</thead>
			<tbody>
				<tr class='log' status='info'>
					<td class='status info' title='info' alt='info'><i class='material-icons'>info_outline</i></td>
					<td class='timestamp'>8:07:13 AM</td>
					<td class='step-details'>BO_Login</td>
				</tr>
				<tr class='log' status='pass'>
					<td class='status pass' title='pass' alt='pass'><i class='material-icons'>check_circle</i></td>
					<td class='timestamp'>8:07:13 AM</td>
					<td class='step-details'>BO_Login has executed successfully<img data-featherlight='D:\Repository\Credit_services/src/Provident/Screnshots/BO_Login12-05-2019 08-07-13.png' width='10%' src='' data-src='D:\Repository\Credit_services/src/Provident/Screnshots/BO_Login12-05-2019 08-07-13.png'></td>
				</tr>
				<tr class='log' status='info'>
					<td class='status info' title='info' alt='info'><i class='material-icons'>info_outline</i></td>
					<td class='timestamp'>8:07:44 AM</td>
					<td class='step-details'>BO_DocumentVerification Initiated</td>
				</tr>
				<tr class='log' status='fail'>
					<td class='status fail' title='fail' alt='fail'><i class='material-icons'>cancel</i></td>
					<td class='timestamp'>8:07:44 AM</td>
					<td class='step-details'>BO_DocumentVerification has failed find the below Screenshot<img data-featherlight='D:\Repository\Credit_services/src/Provident/Screnshots/BO_DocumentVerification12-05-2019 08-07-44.png' width='10%' src='' data-src='D:\Repository\Credit_services/src/Provident/Screnshots/BO_DocumentVerification12-05-2019 08-07-44.png'></td>
				</tr>
				<tr class='log' status='fail'>
					<td class='status fail' title='fail' alt='fail'><i class='material-icons'>cancel</i></td>
					<td class='timestamp'>8:07:44 AM</td>
					<td class='step-details'>org.openqa.selenium.NoSuchElementException: no such element: Unable to locate element: {"method":"xpath","selector":"//div[@name='MaintainAgreementDetailsWindow.Maintain']"}
  (Session info: chrome=78.0.3904.87)
  (Driver info: chromedriver=2.36.540470 (e522d04694c7ebea4ba8821272dbef4f9b818c91),platform=Windows NT 6.3.9600 x86_64) (WARNING: The server did not provide any stacktrace information)
Command duration or timeout: 5.04 seconds
For documentation on this error, please visit: http://seleniumhq.org/exceptions/no_such_element.html
Build info: version: 'unknown', revision: '5234b32', time: '2017-03-10 09:00:17 -0800'
System info: host: 'GRVMDEVWKSH214', ip: '172.27.66.214', os.name: 'Windows Server 2012 R2', os.arch: 'amd64', os.version: '6.3', java.version: '1.8.0_221'
Driver info: org.openqa.selenium.chrome.ChromeDriver
Capabilities [{applicationCacheEnabled=false, rotatable=false, mobileEmulationEnabled=false, networkConnectionEnabled=false, chrome={chromedriverVersion=2.36.540470 (e522d04694c7ebea4ba8821272dbef4f9b818c91), userDataDir=C:\Users\liyakaS\AppData\Local\Temp\scoped_dir13400_12243}, takesHeapSnapshot=true, pageLoadStrategy=normal, databaseEnabled=false, handlesAlerts=true, hasTouchScreen=false, version=78.0.3904.87, platform=WIN8_1, browserConnectionEnabled=false, nativeEvents=true, acceptSslCerts=false, acceptInsecureCerts=false, locationContextEnabled=true, webStorageEnabled=true, browserName=chrome, takesScreenshot=true, javascriptEnabled=true, cssSelectorsEnabled=true, setWindowRect=true, unexpectedAlertBehaviour=}]
Session ID: df911854eaed166903956bd426731968
*** Element info: {Using=xpath, value=//div[@name='MaintainAgreementDetailsWindow.Maintain']}</td>
				</tr>
			</tbody>
		</table>
	</div>
					</div>
				</li>
				
				
				<li class='test displayed active  fail' status='fail' bdd='false' test-id='10'>
					<div class='test-heading'>
						<span class='test-name'>AGR44_TC129_1</span>
						<span class='test-time'>Dec 5, 2019 8:07:45 AM</span>
						<span class='test-status right fail'>fail</span>
					</div>
					<div class='test-content hide'>
<div class='test-time-info'>
	<span class='label start-time'>Dec 5, 2019 8:07:45 AM</span>
	<span class='label end-time'>Dec 5, 2019 8:08:28 AM</span>
	<span class='label time-taken grey lighten-1 white-text'>0h 0m 42s+869ms</span>
</div>
	<div class='test-desc'>Verify that unwinding an agreement arranged on the new monthly product cancels the agreement. Transactions (INCV and RADV) have been created automatically to reverse the INDV and ADV Go Live transactions. </div>
	<div class='test-steps'>
		<table class='bordered table-results'>
			<thead>
				<tr>
					<th>Status</th>
					<th>Timestamp</th>
					<th>Details</th>
				</tr>
			</thead>
			<tbody>
				<tr class='log' status='info'>
					<td class='status info' title='info' alt='info'><i class='material-icons'>info_outline</i></td>
					<td class='timestamp'>8:07:53 AM</td>
					<td class='step-details'>BO_Login</td>
				</tr>
				<tr class='log' status='pass'>
					<td class='status pass' title='pass' alt='pass'><i class='material-icons'>check_circle</i></td>
					<td class='timestamp'>8:07:53 AM</td>
					<td class='step-details'>BO_Login has executed successfully<img data-featherlight='D:\Repository\Credit_services/src/Provident/Screnshots/BO_Login12-05-2019 08-07-53.png' width='10%' src='' data-src='D:\Repository\Credit_services/src/Provident/Screnshots/BO_Login12-05-2019 08-07-53.png'></td>
				</tr>
				<tr class='log' status='info'>
					<td class='status info' title='info' alt='info'><i class='material-icons'>info_outline</i></td>
					<td class='timestamp'>8:08:27 AM</td>
					<td class='step-details'>BO_StopCategory Initiated</td>
				</tr>
				<tr class='log' status='fail'>
					<td class='status fail' title='fail' alt='fail'><i class='material-icons'>cancel</i></td>
					<td class='timestamp'>8:08:28 AM</td>
					<td class='step-details'>BO_StopCategory has failed find the below Screenshot<img data-featherlight='D:\Repository\Credit_services/src/Provident/Screnshots/BO_StopCategory12-05-2019 08-08-28.png' width='10%' src='' data-src='D:\Repository\Credit_services/src/Provident/Screnshots/BO_StopCategory12-05-2019 08-08-28.png'></td>
				</tr>
				<tr class='log' status='fail'>
					<td class='status fail' title='fail' alt='fail'><i class='material-icons'>cancel</i></td>
					<td class='timestamp'>8:08:28 AM</td>
					<td class='step-details'>org.openqa.selenium.WebDriverException: unknown error: Element <div tabindex="45" name="MaintainAgreementDetailsWindow.MaintainAgreementDetailsView1.pbStopCategorySearch" style="position: absolute; overflow: hidden; user-select: none; cursor: pointer; color: rgb(74, 74, 74); text-align: center; font-family: &quot;Calibri W01 Regular 904604&quot;, &quot;Calibri W01 Regular_904604&quot;, Calibri, Candara, Segoe, &quot;Segoe UI&quot;, Optima, Arial, sans-serif; font-size: 14px; font-weight: normal; font-style: normal; background: -webkit-gradient(linear, 0% 0%, 0% 100%, from(rgb(228, 228, 228)), to(rgb(228, 228, 228))), rgb(228, 228, 228); opacity: 1; outline: none; text-shadow: rgb(255, 255, 255) 0px 1px 0px; z-index: 1; border-width: 1px; border-style: solid; border-color: rgb(189, 189, 189); width: 26px; height: 19px; left: 212px; top: 1px;">...</div> is not clickable at point (796, 365). Other element would receive the click: <div tabindex="1" style="position: fixed; overflow: hidden; outline: none; background: -webkit-gradient(linear, 0% 0%, 0% 100%, from(rgb(255, 255, 255)), to(rgb(255, 255, 255))), rgb(255, 255, 255); opacity: 1; z-index: 100040; border-width: 1px; border-style: solid; border-color: rgb(110, 110, 110); width: 734px; height: 292px; min-width: 30px; min-height: 30px; left: 591px; top: 365px;">...</div>
  (Session info: chrome=78.0.3904.87)
  (Driver info: chromedriver=2.36.540470 (e522d04694c7ebea4ba8821272dbef4f9b818c91),platform=Windows NT 6.3.9600 x86_64) (WARNING: The server did not provide any stacktrace information)
Command duration or timeout: 93 milliseconds
Build info: version: 'unknown', revision: '5234b32', time: '2017-03-10 09:00:17 -0800'
System info: host: 'GRVMDEVWKSH214', ip: '172.27.66.214', os.name: 'Windows Server 2012 R2', os.arch: 'amd64', os.version: '6.3', java.version: '1.8.0_221'
Driver info: org.openqa.selenium.chrome.ChromeDriver
Capabilities [{applicationCacheEnabled=false, rotatable=false, mobileEmulationEnabled=false, networkConnectionEnabled=false, chrome={chromedriverVersion=2.36.540470 (e522d04694c7ebea4ba8821272dbef4f9b818c91), userDataDir=C:\Users\liyakaS\AppData\Local\Temp\scoped_dir13400_12243}, takesHeapSnapshot=true, pageLoadStrategy=normal, databaseEnabled=false, handlesAlerts=true, hasTouchScreen=false, version=78.0.3904.87, platform=WIN8_1, browserConnectionEnabled=false, nativeEvents=true, acceptSslCerts=false, acceptInsecureCerts=false, locationContextEnabled=true, webStorageEnabled=true, browserName=chrome, takesScreenshot=true, javascriptEnabled=true, cssSelectorsEnabled=true, setWindowRect=true, unexpectedAlertBehaviour=}]
Session ID: df911854eaed166903956bd426731968</td>
				</tr>
			</tbody>
		</table>
	</div>
					</div>
				</li>
				
				
				<li class='test displayed active  pass' status='pass' bdd='false' test-id='11'>
					<div class='test-heading'>
						<span class='test-name'>Batch84</span>
						<span class='test-time'>Dec 5, 2019 8:08:28 AM</span>
						<span class='test-status right pass'>pass</span>
					</div>
					<div class='test-content hide'>
<div class='test-time-info'>
	<span class='label start-time'>Dec 5, 2019 8:08:28 AM</span>
	<span class='label end-time'>Dec 5, 2019 8:08:36 AM</span>
	<span class='label time-taken grey lighten-1 white-text'>0h 0m 7s+755ms</span>
</div>
	<div class='test-steps'>
		<table class='bordered table-results'>
			<thead>
				<tr>
					<th>Status</th>
					<th>Timestamp</th>
					<th>Details</th>
				</tr>
			</thead>
			<tbody>
				<tr class='log' status='info'>
					<td class='status info' title='info' alt='info'><i class='material-icons'>info_outline</i></td>
					<td class='timestamp'>8:08:36 AM</td>
					<td class='step-details'>BO_Login</td>
				</tr>
				<tr class='log' status='pass'>
					<td class='status pass' title='pass' alt='pass'><i class='material-icons'>check_circle</i></td>
					<td class='timestamp'>8:08:36 AM</td>
					<td class='step-details'>BO_Login has executed successfully<img data-featherlight='D:\Repository\Credit_services/src/Provident/Screnshots/BO_Login12-05-2019 08-08-36.png' width='10%' src='' data-src='D:\Repository\Credit_services/src/Provident/Screnshots/BO_Login12-05-2019 08-08-36.png'></td>
				</tr>
			</tbody>
		</table>
	</div>
					</div>
				</li>
			</ul>
		</div>
	</div>
	<!-- subview left -->

	<div class='subview-right left'>
		<div class='view-summary'>
			<h5 class='test-name'></h5>

			<div id='step-filters' class="right">
				<span class="blue-text" status="info" alt="info" title="info"><i class="material-icons">info_outline</i></span>
				<span class="green-text" status="pass" alt="pass" title="pass"><i class="material-icons">check_circle</i></span>
				<span class="red-text" status="fail" alt="fail" title="fail"><i class="material-icons">cancel</i></span>
				<span class="red-text text-darken-4" status="fatal" alt="fatal" title="fatal"><i class="material-icons">cancel</i></span>
				<span class="pink-text text-lighten-1" status="error" alt="error" title="error"><i class="material-icons">error</i></span>
				<span class="orange-text" alt="warning" status="warning" title="warning"><i class="material-icons">warning</i></span>
				<span class="teal-text" status="skip" alt="skip" title="skip"><i class="material-icons">redo</i></span>
				<span status="clear" alt="Clear filters" title="Clear filters"><i class="material-icons">clear</i></span>
			</div>
		</div>
	</div>
	<!-- subview right -->

</div>
<!-- test view --><!-- category view --><!-- exception view --><div id='dashboard-view' class='view hide'>
	<div class='card-panel transparent np-v'>
		<h5>Dashboard</h5>

		<div class='row'>
			<div class='col s2'>
				<div class='card-panel r'>
					Tests
					<div class='panel-lead'>11</div>
				</div>
			</div>
			<div class='col s2'>
				<div class='card-panel r'>
					Steps
					<div class='panel-lead'>46</div>
				</div>
			</div>
			<div class='col s2'>
				<div class='card-panel r'>
					Start
					<div class='panel-lead'>Dec 5, 2019 6:49:56 AM</div>
				</div>
			</div>
			<div class='col s2'>
				<div class='card-panel r'>
			 		End
			 		<div class='panel-lead'>Dec 5, 2019 8:08:37 AM</div>
				</div>
			</div>
			<div class='col s2'>
				<div class='card-panel r'>
					Time Taken
					<div class='panel-lead'>4,720,909ms</div>
				</div>
			</div>
		</div>
	</div>
</div>
<!-- dashboard view --><!-- testrunner-logs view -->
		</div>
		<!-- container -->

		<script>
			var statusGroup = {
				passParent: 4,
				failParent: 7,
				fatalParent: 0,
				errorParent: 0,
				warningParent: 0,
				skipParent: 0,
				exceptionsParent: 7,
				
				passChild: 11,
				failChild: 16,
				fatalChild: 0,
				errorChild: 0,
				warningChild: 0,
				skipChild: 0,
				infoChild: 19,
				exceptionsChild: 16,
				
				passGrandChild: 0,
				failGrandChild: 0,
				fatalGrandChild: 0,
				errorGrandChild: 0,
				warningGrandChild: 0,
				skipGrandChild: 0,
				infoGrandChild: 0,
				exceptionsGrandChild: 0,
			};
		</script>
		
			<script src='https://cdn.rawgit.com/anshooarora/extentreports-java/9fa70d0ed9c34a8ed445ceee3494d3d7de7f8918/dist/js/extent.js' type='text/javascript'></script>
		
		
	</body>
	
</html>
