

<!DOCTYPE html>
<html>

<head>
	<meta charset='utf-8' /> 
	<meta name='description' content='' />
	<meta name='robots' content='noodp, noydir' />
	<meta name='viewport' content='width=device-width, initial-scale=1' />

	<link href='https://fonts.googleapis.com/css?family=Source+Sans+Pro:400,600' rel='stylesheet' type='text/css'>
	<link href="https://fonts.googleapis.com/icon?family=Material+Icons" rel="stylesheet">
	
		<link href='https://cdn.rawgit.com/anshooarora/extentreports-java/9fa70d0ed9c34a8ed445ceee3494d3d7de7f8918/dist/css/extent.css' type='text/css' rel='stylesheet' />
	
	<title>ExtentReports</title>

</head>
	<body class='extent standard default hide-overflow '>
		<div id='theme-selector' alt='Click to toggle theme. To enable by default, use theme configuration.' title='Click to toggle theme. To enable by default, use theme configuration.'>
			<span><i class='material-icons'>desktop_windows</i></span>
		</div>

<nav>
	<div class="nav-wrapper">
		<a href="#!" class="brand-logo blue darken-3">Extent</a>

		<!-- slideout menu -->
		<ul id='slide-out' class='side-nav fixed hide-on-med-and-down'>
			<li class='waves-effect active'><a href='#!' view='test-view' onclick="configureView(0);chartsView('test');"><i class='material-icons'>dashboard</i></a></li>
						<li class='waves-effect'><a href='#!' onclick="configureView(-1);chartsView('dashboard');" view='dashboard-view'><i class='material-icons'>track_changes</i></i></a></li>
		</ul>

		<!-- report name -->
		<span class='report-name'>ExtentReports</span>
		
		<!-- report headline -->
		<span class='report-headline'></span>

		<!-- nav-right -->
		<ul id='nav-mobile' class='right hide-on-med-and-down nav-right'>
			<a href='#!'>
				<span class='label suite-start-time'>Dec 4, 2019 8:43:35 AM</span>
			</a>
			<a href='#!'>
				<span class='label'>v3.0.3</span>
			</a>
		</ul>
	</div>
</nav>
		<!-- container -->
		<div class='container'>

<div id='test-view' class='view'>
				
	<section id='controls'>
		<div class='controls grey lighten-4'>
			<!-- test toggle -->
			<div class='chip transparent'>
				<a class='dropdown-button tests-toggle' data-activates='tests-toggle' data-constrainwidth='true' data-beloworigin='true' data-hover='true' href='#'>
					<i class='material-icons'>warning</i> Status
				</a>
				<ul id='tests-toggle' class='dropdown-content'>
											<li status='pass'><a href='#!'>Pass <i class='material-icons green-text'>check_circle</i></a></li>
						<li status='fail'><a href='#!'>Fail <i class='material-icons red-text'>cancel</i></a></li>
					<li class='divider'></li>
					<li status='clear' clear='true'><a href='#!'>Clear Filters <i class='material-icons'>clear</i></a></li>
				</ul>
			</div>
			<!-- test toggle -->

			<!-- category toggle -->
			<!-- category toggle -->

			<!-- clear filters -->
			<div class='chip transparent hide'>
				<a class='' id='clear-filters' alt='Clear Filters' title='Clear Filters'>
					<i class='material-icons'>close</i> Clear
				</a>
			</div>
			<!-- clear filters -->

			<!-- enable dashboard -->
			<div id='toggle-test-view-charts' class='chip transparent'>
				<a class='pink-text' id='enable-dashboard' alt='Enable Dashboard' title='Enable Dashboard'>
					<i class='material-icons'>track_changes</i> Dashboard
				</a>
			</div>
			<!-- enable dashboard -->

			<!-- search -->
			<div class='chip transparent' alt='Search Tests' title='Search Tests'>
				<a href="#" class='search-div'>
					<i class='material-icons'>search</i> Search
				</a>

				<div class='input-field left hide'>
					<input id='search-tests' type='text' class='validate browser-default' placeholder='Search Tests...'>
				</div>
				
			</div>
			<!-- search -->
		</div>
	</section>


<div id='test-view-charts' class='subview-full'>
	<div id='charts-row' class='row nm-v nm-h'>
		<div class='col s12 m6 l6 np-h'>
			<div class='card-panel nm-v'>
				<div class='left panel-name'>Tests</div>
				<div class='chart-box'>
					<canvas id='parent-analysis' width='100' height='80'></canvas>
				</div>
				<div class='block text-small'>
					<span><span class='strong'>3</span> test(s) passed</span>
				</div>
				<div class='block text-small'>
					<span class='strong'>8</span> test(s) failed, <span class='strong'>0</span> others
				</div>
			</div>
		</div>
		
		<div class='col s12 m6 l6 np-h'>
			<div class='card-panel nm-v'>
				<div class='left panel-name'>Steps</div>
				<div class='chart-box'>
					<canvas id='child-analysis' width='100' height='80'></canvas>
				</div>
				<div class='block text-small'>
					<span><span class='strong'>9</span> step(s) passed</span>
				</div>
				<div class='block text-small'>
					<span class='strong'>26</span> step(s) failed, <span class='strong'>22</span> others
				</div>
			</div>
		</div>
		
	</div>
</div>

	<div class='subview-left left'>
		
		<div class='view-summary'>
			<h5>Tests</h3>
			<ul id='test-collection' class='test-collection'>
				
				
				<li class='test displayed active  pass' status='pass' bdd='false' test-id='1'>
					<div class='test-heading'>
						<span class='test-name'>AGR26_TC55_1</span>
						<span class='test-time'>Dec 4, 2019 8:43:35 AM</span>
						<span class='test-status right pass'>pass</span>
					</div>
					<div class='test-content hide'>
<div class='test-time-info'>
	<span class='label start-time'>Dec 4, 2019 8:43:35 AM</span>
	<span class='label end-time'>Dec 4, 2019 8:44:10 AM</span>
	<span class='label time-taken grey lighten-1 white-text'>0h 0m 34s+972ms</span>
</div>
	<div class='test-desc'>Verify that a customer's contact numbers can be updated in Front Office (Collections) and the changes saved successfully. </div>
	<div class='test-steps'>
		<table class='bordered table-results'>
			<thead>
				<tr>
					<th>Status</th>
					<th>Timestamp</th>
					<th>Details</th>
				</tr>
			</thead>
			<tbody>
				<tr class='log' status='info'>
					<td class='status info' title='info' alt='info'><i class='material-icons'>info_outline</i></td>
					<td class='timestamp'>8:43:40 AM</td>
					<td class='step-details'>IntiateBrowser</td>
				</tr>
				<tr class='log' status='pass'>
					<td class='status pass' title='pass' alt='pass'><i class='material-icons'>check_circle</i></td>
					<td class='timestamp'>8:43:41 AM</td>
					<td class='step-details'>IntiateBrowser has executed successfully<img data-featherlight='D:\Repository\Credit_services/src/Provident/Screnshots/IntiateBrowser12-04-2019 08-43-41.png' width='10%' src='' data-src='D:\Repository\Credit_services/src/Provident/Screnshots/IntiateBrowser12-04-2019 08-43-41.png'></td>
				</tr>
				<tr class='log' status='info'>
					<td class='status info' title='info' alt='info'><i class='material-icons'>info_outline</i></td>
					<td class='timestamp'>8:44:09 AM</td>
					<td class='step-details'>Email has successfully updated</td>
				</tr>
				<tr class='log' status='pass'>
					<td class='status pass' title='pass' alt='pass'><i class='material-icons'>check_circle</i></td>
					<td class='timestamp'>8:44:10 AM</td>
					<td class='step-details'>Email has successfully updated has executed successfully<img data-featherlight='D:\Repository\Credit_services/src/Provident/Screnshots/Email has successfully updated12-04-2019 08-44-10.png' width='10%' src='' data-src='D:\Repository\Credit_services/src/Provident/Screnshots/Email has successfully updated12-04-2019 08-44-10.png'></td>
				</tr>
			</tbody>
		</table>
	</div>
					</div>
				</li>
				
				
				<li class='test displayed active  pass' status='pass' bdd='false' test-id='2'>
					<div class='test-heading'>
						<span class='test-name'>AGR19_TC56_1</span>
						<span class='test-time'>Dec 4, 2019 8:44:10 AM</span>
						<span class='test-status right pass'>pass</span>
					</div>
					<div class='test-content hide'>
<div class='test-time-info'>
	<span class='label start-time'>Dec 4, 2019 8:44:10 AM</span>
	<span class='label end-time'>Dec 4, 2019 8:44:31 AM</span>
	<span class='label time-taken grey lighten-1 white-text'>0h 0m 21s+193ms</span>
</div>
	<div class='test-desc'>Verify that a customer's email address can be updated in Front Office (Collections) and the changes saved successfully. </div>
	<div class='test-steps'>
		<table class='bordered table-results'>
			<thead>
				<tr>
					<th>Status</th>
					<th>Timestamp</th>
					<th>Details</th>
				</tr>
			</thead>
			<tbody>
				<tr class='log' status='info'>
					<td class='status info' title='info' alt='info'><i class='material-icons'>info_outline</i></td>
					<td class='timestamp'>8:44:31 AM</td>
					<td class='step-details'>Email has successfully updated</td>
				</tr>
				<tr class='log' status='pass'>
					<td class='status pass' title='pass' alt='pass'><i class='material-icons'>check_circle</i></td>
					<td class='timestamp'>8:44:31 AM</td>
					<td class='step-details'>Email has successfully updated has executed successfully<img data-featherlight='D:\Repository\Credit_services/src/Provident/Screnshots/Email has successfully updated12-04-2019 08-44-31.png' width='10%' src='' data-src='D:\Repository\Credit_services/src/Provident/Screnshots/Email has successfully updated12-04-2019 08-44-31.png'></td>
				</tr>
			</tbody>
		</table>
	</div>
					</div>
				</li>
				
				
				<li class='test displayed active  fail' status='fail' bdd='false' test-id='3'>
					<div class='test-heading'>
						<span class='test-name'>AGR22_TC75_1</span>
						<span class='test-time'>Dec 4, 2019 8:44:31 AM</span>
						<span class='test-status right fail'>fail</span>
					</div>
					<div class='test-content hide'>
<div class='test-time-info'>
	<span class='label start-time'>Dec 4, 2019 8:44:31 AM</span>
	<span class='label end-time'>Dec 4, 2019 8:45:10 AM</span>
	<span class='label time-taken grey lighten-1 white-text'>0h 0m 38s+934ms</span>
</div>
	<div class='test-desc'>Verify that a payment for a temporary arrangement set up for an agreement on the new monthly product is collected according to the payment method set up for the agreement. </div>
	<div class='test-steps'>
		<table class='bordered table-results'>
			<thead>
				<tr>
					<th>Status</th>
					<th>Timestamp</th>
					<th>Details</th>
				</tr>
			</thead>
			<tbody>
				<tr class='log' status='info'>
					<td class='status info' title='info' alt='info'><i class='material-icons'>info_outline</i></td>
					<td class='timestamp'>8:44:39 AM</td>
					<td class='step-details'>BO_Login</td>
				</tr>
				<tr class='log' status='pass'>
					<td class='status pass' title='pass' alt='pass'><i class='material-icons'>check_circle</i></td>
					<td class='timestamp'>8:44:40 AM</td>
					<td class='step-details'>BO_Login has executed successfully<img data-featherlight='D:\Repository\Credit_services/src/Provident/Screnshots/BO_Login12-04-2019 08-44-40.png' width='10%' src='' data-src='D:\Repository\Credit_services/src/Provident/Screnshots/BO_Login12-04-2019 08-44-40.png'></td>
				</tr>
				<tr class='log' status='info'>
					<td class='status info' title='info' alt='info'><i class='material-icons'>info_outline</i></td>
					<td class='timestamp'>8:45:10 AM</td>
					<td class='step-details'>Temporary_Arrangement Initiated</td>
				</tr>
				<tr class='log' status='fail'>
					<td class='status fail' title='fail' alt='fail'><i class='material-icons'>cancel</i></td>
					<td class='timestamp'>8:45:10 AM</td>
					<td class='step-details'>Temporary_Arrangement has failed find the below Screenshot<img data-featherlight='D:\Repository\Credit_services/src/Provident/Screnshots/Temporary_Arrangement12-04-2019 08-45-10.png' width='10%' src='' data-src='D:\Repository\Credit_services/src/Provident/Screnshots/Temporary_Arrangement12-04-2019 08-45-10.png'></td>
				</tr>
				<tr class='log' status='fail'>
					<td class='status fail' title='fail' alt='fail'><i class='material-icons'>cancel</i></td>
					<td class='timestamp'>8:45:10 AM</td>
					<td class='step-details'>org.openqa.selenium.NoSuchElementException: no such element: Unable to locate element: {"method":"xpath","selector":"//div[@name='MaintainAgreementDetailsWindow.Maintain']"}
  (Session info: chrome=78.0.3904.87)
  (Driver info: chromedriver=2.36.540470 (e522d04694c7ebea4ba8821272dbef4f9b818c91),platform=Windows NT 6.3.9600 x86_64) (WARNING: The server did not provide any stacktrace information)
Command duration or timeout: 5.04 seconds
For documentation on this error, please visit: http://seleniumhq.org/exceptions/no_such_element.html
Build info: version: 'unknown', revision: '5234b32', time: '2017-03-10 09:00:17 -0800'
System info: host: 'GRVMDEVWKSH214', ip: '172.27.66.214', os.name: 'Windows Server 2012 R2', os.arch: 'amd64', os.version: '6.3', java.version: '1.8.0_221'
Driver info: org.openqa.selenium.chrome.ChromeDriver
Capabilities [{applicationCacheEnabled=false, rotatable=false, mobileEmulationEnabled=false, networkConnectionEnabled=false, chrome={chromedriverVersion=2.36.540470 (e522d04694c7ebea4ba8821272dbef4f9b818c91), userDataDir=C:\Users\liyakaS\AppData\Local\Temp\scoped_dir27724_17831}, takesHeapSnapshot=true, pageLoadStrategy=normal, databaseEnabled=false, handlesAlerts=true, hasTouchScreen=false, version=78.0.3904.87, platform=WIN8_1, browserConnectionEnabled=false, nativeEvents=true, acceptSslCerts=false, acceptInsecureCerts=false, locationContextEnabled=true, webStorageEnabled=true, browserName=chrome, takesScreenshot=true, javascriptEnabled=true, cssSelectorsEnabled=true, setWindowRect=true, unexpectedAlertBehaviour=}]
Session ID: 5ede7d39f3d620e711e485de7f95930f
*** Element info: {Using=xpath, value=//div[@name='MaintainAgreementDetailsWindow.Maintain']}</td>
				</tr>
			</tbody>
		</table>
	</div>
					</div>
				</li>
				
				
				<li class='test displayed active  fail' status='fail' bdd='false' test-id='4'>
					<div class='test-heading'>
						<span class='test-name'>AGR32_TC100_1</span>
						<span class='test-time'>Dec 4, 2019 8:45:11 AM</span>
						<span class='test-status right fail'>fail</span>
					</div>
					<div class='test-content hide'>
<div class='test-time-info'>
	<span class='label start-time'>Dec 4, 2019 8:45:11 AM</span>
	<span class='label end-time'>Dec 4, 2019 8:45:45 AM</span>
	<span class='label time-taken grey lighten-1 white-text'>0h 0m 34s+923ms</span>
</div>
	<div class='test-desc'>Check that payment method can be amended in Front Office (Collections) </div>
	<div class='test-steps'>
		<table class='bordered table-results'>
			<thead>
				<tr>
					<th>Status</th>
					<th>Timestamp</th>
					<th>Details</th>
				</tr>
			</thead>
			<tbody>
				<tr class='log' status='info'>
					<td class='status info' title='info' alt='info'><i class='material-icons'>info_outline</i></td>
					<td class='timestamp'>8:45:45 AM</td>
					<td class='step-details'>FO_PaymentMethod Initiated</td>
				</tr>
				<tr class='log' status='fail'>
					<td class='status fail' title='fail' alt='fail'><i class='material-icons'>cancel</i></td>
					<td class='timestamp'>8:45:45 AM</td>
					<td class='step-details'>FO_PaymentMethod has failed find the below Screenshot<img data-featherlight='D:\Repository\Credit_services/src/Provident/Screnshots/FO_PaymentMethod12-04-2019 08-45-45.png' width='10%' src='' data-src='D:\Repository\Credit_services/src/Provident/Screnshots/FO_PaymentMethod12-04-2019 08-45-45.png'></td>
				</tr>
				<tr class='log' status='fail'>
					<td class='status fail' title='fail' alt='fail'><i class='material-icons'>cancel</i></td>
					<td class='timestamp'>8:45:45 AM</td>
					<td class='step-details'>org.openqa.selenium.NoSuchElementException: no such element: Unable to locate element: {"method":"xpath","selector":"//select[@id='PropertySelection']"}
  (Session info: chrome=78.0.3904.87)
  (Driver info: chromedriver=2.36.540470 (e522d04694c7ebea4ba8821272dbef4f9b818c91),platform=Windows NT 6.3.9600 x86_64) (WARNING: The server did not provide any stacktrace information)
Command duration or timeout: 5.02 seconds
For documentation on this error, please visit: http://seleniumhq.org/exceptions/no_such_element.html
Build info: version: 'unknown', revision: '5234b32', time: '2017-03-10 09:00:17 -0800'
System info: host: 'GRVMDEVWKSH214', ip: '172.27.66.214', os.name: 'Windows Server 2012 R2', os.arch: 'amd64', os.version: '6.3', java.version: '1.8.0_221'
Driver info: org.openqa.selenium.chrome.ChromeDriver
Capabilities [{applicationCacheEnabled=false, rotatable=false, mobileEmulationEnabled=false, networkConnectionEnabled=false, chrome={chromedriverVersion=2.36.540470 (e522d04694c7ebea4ba8821272dbef4f9b818c91), userDataDir=C:\Users\liyakaS\AppData\Local\Temp\scoped_dir27724_17831}, takesHeapSnapshot=true, pageLoadStrategy=normal, databaseEnabled=false, handlesAlerts=true, hasTouchScreen=false, version=78.0.3904.87, platform=WIN8_1, browserConnectionEnabled=false, nativeEvents=true, acceptSslCerts=false, acceptInsecureCerts=false, locationContextEnabled=true, webStorageEnabled=true, browserName=chrome, takesScreenshot=true, javascriptEnabled=true, cssSelectorsEnabled=true, setWindowRect=true, unexpectedAlertBehaviour=}]
Session ID: 5ede7d39f3d620e711e485de7f95930f
*** Element info: {Using=xpath, value=//select[@id='PropertySelection']}</td>
				</tr>
			</tbody>
		</table>
	</div>
					</div>
				</li>
				
				
				<li class='test displayed active  fail' status='fail' bdd='false' test-id='5'>
					<div class='test-heading'>
						<span class='test-name'>AGR19_TC77_1</span>
						<span class='test-time'>Dec 4, 2019 8:45:46 AM</span>
						<span class='test-status right fail'>fail</span>
					</div>
					<div class='test-content hide'>
<div class='test-time-info'>
	<span class='label start-time'>Dec 4, 2019 8:45:46 AM</span>
	<span class='label end-time'>Dec 4, 2019 8:46:04 AM</span>
	<span class='label time-taken grey lighten-1 white-text'>0h 0m 18s+348ms</span>
</div>
	<div class='test-desc'>Post a cash payment to an agreement arranged on the new monthly product using Front Office (Collections) </div>
	<div class='test-steps'>
		<table class='bordered table-results'>
			<thead>
				<tr>
					<th>Status</th>
					<th>Timestamp</th>
					<th>Details</th>
				</tr>
			</thead>
			<tbody>
				<tr class='log' status='info'>
					<td class='status info' title='info' alt='info'><i class='material-icons'>info_outline</i></td>
					<td class='timestamp'>8:46:04 AM</td>
					<td class='step-details'>FO_POSTPAYMENT Initiated</td>
				</tr>
				<tr class='log' status='fail'>
					<td class='status fail' title='fail' alt='fail'><i class='material-icons'>cancel</i></td>
					<td class='timestamp'>8:46:04 AM</td>
					<td class='step-details'>FO_POSTPAYMENT has failed find the below Screenshot<img data-featherlight='D:\Repository\Credit_services/src/Provident/Screnshots/FO_POSTPAYMENT12-04-2019 08-46-04.png' width='10%' src='' data-src='D:\Repository\Credit_services/src/Provident/Screnshots/FO_POSTPAYMENT12-04-2019 08-46-04.png'></td>
				</tr>
				<tr class='log' status='fail'>
					<td class='status fail' title='fail' alt='fail'><i class='material-icons'>cancel</i></td>
					<td class='timestamp'>8:46:04 AM</td>
					<td class='step-details'>org.openqa.selenium.NoSuchElementException: no such element: Unable to locate element: {"method":"xpath","selector":"//td[@id='paymentMethodRadio']/p/input[1]"}
  (Session info: chrome=78.0.3904.87)
  (Driver info: chromedriver=2.36.540470 (e522d04694c7ebea4ba8821272dbef4f9b818c91),platform=Windows NT 6.3.9600 x86_64) (WARNING: The server did not provide any stacktrace information)
Command duration or timeout: 5.03 seconds
For documentation on this error, please visit: http://seleniumhq.org/exceptions/no_such_element.html
Build info: version: 'unknown', revision: '5234b32', time: '2017-03-10 09:00:17 -0800'
System info: host: 'GRVMDEVWKSH214', ip: '172.27.66.214', os.name: 'Windows Server 2012 R2', os.arch: 'amd64', os.version: '6.3', java.version: '1.8.0_221'
Driver info: org.openqa.selenium.chrome.ChromeDriver
Capabilities [{applicationCacheEnabled=false, rotatable=false, mobileEmulationEnabled=false, networkConnectionEnabled=false, chrome={chromedriverVersion=2.36.540470 (e522d04694c7ebea4ba8821272dbef4f9b818c91), userDataDir=C:\Users\liyakaS\AppData\Local\Temp\scoped_dir27724_17831}, takesHeapSnapshot=true, pageLoadStrategy=normal, databaseEnabled=false, handlesAlerts=true, hasTouchScreen=false, version=78.0.3904.87, platform=WIN8_1, browserConnectionEnabled=false, nativeEvents=true, acceptSslCerts=false, acceptInsecureCerts=false, locationContextEnabled=true, webStorageEnabled=true, browserName=chrome, takesScreenshot=true, javascriptEnabled=true, cssSelectorsEnabled=true, setWindowRect=true, unexpectedAlertBehaviour=}]
Session ID: 5ede7d39f3d620e711e485de7f95930f
*** Element info: {Using=xpath, value=//td[@id='paymentMethodRadio']/p/input[1]}</td>
				</tr>
			</tbody>
		</table>
	</div>
					</div>
				</li>
				
				
				<li class='test displayed active  pass' status='pass' bdd='false' test-id='6'>
					<div class='test-heading'>
						<span class='test-name'>AGR15_TC86_1</span>
						<span class='test-time'>Dec 4, 2019 8:46:05 AM</span>
						<span class='test-status right pass'>pass</span>
					</div>
					<div class='test-content hide'>
<div class='test-time-info'>
	<span class='label start-time'>Dec 4, 2019 8:46:05 AM</span>
	<span class='label end-time'>Dec 4, 2019 8:46:37 AM</span>
	<span class='label time-taken grey lighten-1 white-text'>0h 0m 32s+782ms</span>
</div>
	<div class='test-desc'>Verify that when the payment day is changed in Front Office (Collections) using the 'All due dates' option, the payment date cannot be moved to a date before the current next due date if the next occurrence of the day chosen is before it. </div>
	<div class='test-steps'>
		<table class='bordered table-results'>
			<thead>
				<tr>
					<th>Status</th>
					<th>Timestamp</th>
					<th>Details</th>
				</tr>
			</thead>
			<tbody>
				<tr class='log' status='info'>
					<td class='status info' title='info' alt='info'><i class='material-icons'>info_outline</i></td>
					<td class='timestamp'>8:46:37 AM</td>
					<td class='step-details'>Paymentdate_FO</td>
				</tr>
				<tr class='log' status='pass'>
					<td class='status pass' title='pass' alt='pass'><i class='material-icons'>check_circle</i></td>
					<td class='timestamp'>8:46:37 AM</td>
					<td class='step-details'>Paymentdate_FO has executed successfully<img data-featherlight='D:\Repository\Credit_services/src/Provident/Screnshots/Paymentdate_FO12-04-2019 08-46-37.png' width='10%' src='' data-src='D:\Repository\Credit_services/src/Provident/Screnshots/Paymentdate_FO12-04-2019 08-46-37.png'></td>
				</tr>
			</tbody>
		</table>
	</div>
					</div>
				</li>
				
				
				<li class='test displayed active  fail' status='fail' bdd='false' test-id='7'>
					<div class='test-heading'>
						<span class='test-name'>AGR32_TC125_2</span>
						<span class='test-time'>Dec 4, 2019 8:46:38 AM</span>
						<span class='test-status right fail'>fail</span>
					</div>
					<div class='test-content hide'>
<div class='test-time-info'>
	<span class='label start-time'>Dec 4, 2019 8:46:38 AM</span>
	<span class='label end-time'>Dec 4, 2019 8:48:13 AM</span>
	<span class='label time-taken grey lighten-1 white-text'>0h 1m 35s+378ms</span>
</div>
	<div class='test-desc'>Verify that an early settlement for an agreement for the new monthly product can be reversed. </div>
	<div class='test-steps'>
		<table class='bordered table-results'>
			<thead>
				<tr>
					<th>Status</th>
					<th>Timestamp</th>
					<th>Details</th>
				</tr>
			</thead>
			<tbody>
				<tr class='log' status='info'>
					<td class='status info' title='info' alt='info'><i class='material-icons'>info_outline</i></td>
					<td class='timestamp'>8:46:46 AM</td>
					<td class='step-details'>BO_Login</td>
				</tr>
				<tr class='log' status='pass'>
					<td class='status pass' title='pass' alt='pass'><i class='material-icons'>check_circle</i></td>
					<td class='timestamp'>8:46:46 AM</td>
					<td class='step-details'>BO_Login has executed successfully<img data-featherlight='D:\Repository\Credit_services/src/Provident/Screnshots/BO_Login12-04-2019 08-46-46.png' width='10%' src='' data-src='D:\Repository\Credit_services/src/Provident/Screnshots/BO_Login12-04-2019 08-46-46.png'></td>
				</tr>
				<tr class='log' status='info'>
					<td class='status info' title='info' alt='info'><i class='material-icons'>info_outline</i></td>
					<td class='timestamp'>8:47:20 AM</td>
					<td class='step-details'>searchAgreement Initiated</td>
				</tr>
				<tr class='log' status='fail'>
					<td class='status fail' title='fail' alt='fail'><i class='material-icons'>cancel</i></td>
					<td class='timestamp'>8:47:21 AM</td>
					<td class='step-details'>searchAgreement has failed find the below Screenshot<img data-featherlight='D:\Repository\Credit_services/src/Provident/Screnshots/searchAgreement12-04-2019 08-47-21.png' width='10%' src='' data-src='D:\Repository\Credit_services/src/Provident/Screnshots/searchAgreement12-04-2019 08-47-21.png'></td>
				</tr>
				<tr class='log' status='fail'>
					<td class='status fail' title='fail' alt='fail'><i class='material-icons'>cancel</i></td>
					<td class='timestamp'>8:47:21 AM</td>
					<td class='step-details'>org.openqa.selenium.NoSuchElementException: no such element: Unable to locate element: {"method":"xpath","selector":"//html/body/div[6]/div[2]/div/div/div[1]/div/div/div[1]/div[2]/input"}
  (Session info: chrome=78.0.3904.87)
  (Driver info: chromedriver=2.36.540470 (e522d04694c7ebea4ba8821272dbef4f9b818c91),platform=Windows NT 6.3.9600 x86_64) (WARNING: The server did not provide any stacktrace information)
Command duration or timeout: 5.05 seconds
For documentation on this error, please visit: http://seleniumhq.org/exceptions/no_such_element.html
Build info: version: 'unknown', revision: '5234b32', time: '2017-03-10 09:00:17 -0800'
System info: host: 'GRVMDEVWKSH214', ip: '172.27.66.214', os.name: 'Windows Server 2012 R2', os.arch: 'amd64', os.version: '6.3', java.version: '1.8.0_221'
Driver info: org.openqa.selenium.chrome.ChromeDriver
Capabilities [{applicationCacheEnabled=false, rotatable=false, mobileEmulationEnabled=false, networkConnectionEnabled=false, chrome={chromedriverVersion=2.36.540470 (e522d04694c7ebea4ba8821272dbef4f9b818c91), userDataDir=C:\Users\liyakaS\AppData\Local\Temp\scoped_dir27724_17831}, takesHeapSnapshot=true, pageLoadStrategy=normal, databaseEnabled=false, handlesAlerts=true, hasTouchScreen=false, version=78.0.3904.87, platform=WIN8_1, browserConnectionEnabled=false, nativeEvents=true, acceptSslCerts=false, acceptInsecureCerts=false, locationContextEnabled=true, webStorageEnabled=true, browserName=chrome, takesScreenshot=true, javascriptEnabled=true, cssSelectorsEnabled=true, setWindowRect=true, unexpectedAlertBehaviour=}]
Session ID: 5ede7d39f3d620e711e485de7f95930f
*** Element info: {Using=xpath, value=//html/body/div[6]/div[2]/div/div/div[1]/div/div/div[1]/div[2]/input}</td>
				</tr>
				<tr class='log' status='info'>
					<td class='status info' title='info' alt='info'><i class='material-icons'>info_outline</i></td>
					<td class='timestamp'>8:47:30 AM</td>
					<td class='step-details'>BO_Settlement_Quote Initiated</td>
				</tr>
				<tr class='log' status='fail'>
					<td class='status fail' title='fail' alt='fail'><i class='material-icons'>cancel</i></td>
					<td class='timestamp'>8:47:31 AM</td>
					<td class='step-details'>BO_Settlement_Quote has failed find the below Screenshot<img data-featherlight='D:\Repository\Credit_services/src/Provident/Screnshots/BO_Settlement_Quote12-04-2019 08-47-31.png' width='10%' src='' data-src='D:\Repository\Credit_services/src/Provident/Screnshots/BO_Settlement_Quote12-04-2019 08-47-31.png'></td>
				</tr>
				<tr class='log' status='fail'>
					<td class='status fail' title='fail' alt='fail'><i class='material-icons'>cancel</i></td>
					<td class='timestamp'>8:47:31 AM</td>
					<td class='step-details'>org.openqa.selenium.NoSuchElementException: no such element: Unable to locate element: {"method":"xpath","selector":"//div[@name='MaintainAgreementDetailsWindow.Maintain']"}
  (Session info: chrome=78.0.3904.87)
  (Driver info: chromedriver=2.36.540470 (e522d04694c7ebea4ba8821272dbef4f9b818c91),platform=Windows NT 6.3.9600 x86_64) (WARNING: The server did not provide any stacktrace information)
Command duration or timeout: 5.05 seconds
For documentation on this error, please visit: http://seleniumhq.org/exceptions/no_such_element.html
Build info: version: 'unknown', revision: '5234b32', time: '2017-03-10 09:00:17 -0800'
System info: host: 'GRVMDEVWKSH214', ip: '172.27.66.214', os.name: 'Windows Server 2012 R2', os.arch: 'amd64', os.version: '6.3', java.version: '1.8.0_221'
Driver info: org.openqa.selenium.chrome.ChromeDriver
Capabilities [{applicationCacheEnabled=false, rotatable=false, mobileEmulationEnabled=false, networkConnectionEnabled=false, chrome={chromedriverVersion=2.36.540470 (e522d04694c7ebea4ba8821272dbef4f9b818c91), userDataDir=C:\Users\liyakaS\AppData\Local\Temp\scoped_dir27724_17831}, takesHeapSnapshot=true, pageLoadStrategy=normal, databaseEnabled=false, handlesAlerts=true, hasTouchScreen=false, version=78.0.3904.87, platform=WIN8_1, browserConnectionEnabled=false, nativeEvents=true, acceptSslCerts=false, acceptInsecureCerts=false, locationContextEnabled=true, webStorageEnabled=true, browserName=chrome, takesScreenshot=true, javascriptEnabled=true, cssSelectorsEnabled=true, setWindowRect=true, unexpectedAlertBehaviour=}]
Session ID: 5ede7d39f3d620e711e485de7f95930f
*** Element info: {Using=xpath, value=//div[@name='MaintainAgreementDetailsWindow.Maintain']}</td>
				</tr>
				<tr class='log' status='info'>
					<td class='status info' title='info' alt='info'><i class='material-icons'>info_outline</i></td>
					<td class='timestamp'>8:48:13 AM</td>
					<td class='step-details'>BO_cashposting Initiated</td>
				</tr>
				<tr class='log' status='fail'>
					<td class='status fail' title='fail' alt='fail'><i class='material-icons'>cancel</i></td>
					<td class='timestamp'>8:48:13 AM</td>
					<td class='step-details'>BO_cashposting has failed find the below Screenshot<img data-featherlight='D:\Repository\Credit_services/src/Provident/Screnshots/BO_cashposting12-04-2019 08-48-13.png' width='10%' src='' data-src='D:\Repository\Credit_services/src/Provident/Screnshots/BO_cashposting12-04-2019 08-48-13.png'></td>
				</tr>
				<tr class='log' status='fail'>
					<td class='status fail' title='fail' alt='fail'><i class='material-icons'>cancel</i></td>
					<td class='timestamp'>8:48:13 AM</td>
					<td class='step-details'>org.openqa.selenium.WebDriverException: unknown error: Element <div style="overflow: hidden; user-select: none; height: 28px; position: relative; border-width: 0px 0px 1px; border-style: solid; z-index: 0; width: 1170px; border-bottom-color: transparent; font-family: &quot;Calibri W01 Regular 904604&quot;, &quot;Calibri W01 Regular_904604&quot;, Calibri, Candara, Segoe, &quot;Segoe UI&quot;, Optima, Arial, sans-serif; font-size: 14px; font-weight: normal; font-style: normal; background: -webkit-gradient(linear, 0% 0%, 0% 100%, from(rgb(240, 240, 240)), to(rgb(240, 240, 240))), rgb(240, 240, 240); color: rgb(255, 255, 255);">...</div> is not clickable at point (1244, 393). Other element would receive the click: <div style="position: fixed; z-index: 100039; color: black; outline: none; cursor: default; background: -webkit-gradient(linear, 0% 0%, 0% 100%, from(rgb(128, 128, 128)), to(rgb(128, 128, 128))), rgb(128, 128, 128); opacity: 0.2; width: 1920px; height: 1156px; left: 0px; top: 0px;"></div>
  (Session info: chrome=78.0.3904.87)
  (Driver info: chromedriver=2.36.540470 (e522d04694c7ebea4ba8821272dbef4f9b818c91),platform=Windows NT 6.3.9600 x86_64) (WARNING: The server did not provide any stacktrace information)
Command duration or timeout: 113 milliseconds
Build info: version: 'unknown', revision: '5234b32', time: '2017-03-10 09:00:17 -0800'
System info: host: 'GRVMDEVWKSH214', ip: '172.27.66.214', os.name: 'Windows Server 2012 R2', os.arch: 'amd64', os.version: '6.3', java.version: '1.8.0_221'
Driver info: org.openqa.selenium.chrome.ChromeDriver
Capabilities [{applicationCacheEnabled=false, rotatable=false, mobileEmulationEnabled=false, networkConnectionEnabled=false, chrome={chromedriverVersion=2.36.540470 (e522d04694c7ebea4ba8821272dbef4f9b818c91), userDataDir=C:\Users\liyakaS\AppData\Local\Temp\scoped_dir27724_17831}, takesHeapSnapshot=true, pageLoadStrategy=normal, databaseEnabled=false, handlesAlerts=true, hasTouchScreen=false, version=78.0.3904.87, platform=WIN8_1, browserConnectionEnabled=false, nativeEvents=true, acceptSslCerts=false, acceptInsecureCerts=false, locationContextEnabled=true, webStorageEnabled=true, browserName=chrome, takesScreenshot=true, javascriptEnabled=true, cssSelectorsEnabled=true, setWindowRect=true, unexpectedAlertBehaviour=}]
Session ID: 5ede7d39f3d620e711e485de7f95930f</td>
				</tr>
			</tbody>
		</table>
	</div>
					</div>
				</li>
				
				
				<li class='test displayed active  fail' status='fail' bdd='false' test-id='8'>
					<div class='test-heading'>
						<span class='test-name'>AGR32_TC125_1</span>
						<span class='test-time'>Dec 4, 2019 8:48:14 AM</span>
						<span class='test-status right fail'>fail</span>
					</div>
					<div class='test-content hide'>
<div class='test-time-info'>
	<span class='label start-time'>Dec 4, 2019 8:48:14 AM</span>
	<span class='label end-time'>Dec 4, 2019 8:50:48 AM</span>
	<span class='label time-taken grey lighten-1 white-text'>0h 2m 33s+924ms</span>
</div>
	<div class='test-desc'>Verify that an early settlement for an agreement for the new monthly product can be reversed. </div>
	<div class='test-steps'>
		<table class='bordered table-results'>
			<thead>
				<tr>
					<th>Status</th>
					<th>Timestamp</th>
					<th>Details</th>
				</tr>
			</thead>
			<tbody>
				<tr class='log' status='info'>
					<td class='status info' title='info' alt='info'><i class='material-icons'>info_outline</i></td>
					<td class='timestamp'>8:48:21 AM</td>
					<td class='step-details'>BO_Login</td>
				</tr>
				<tr class='log' status='pass'>
					<td class='status pass' title='pass' alt='pass'><i class='material-icons'>check_circle</i></td>
					<td class='timestamp'>8:48:22 AM</td>
					<td class='step-details'>BO_Login has executed successfully<img data-featherlight='D:\Repository\Credit_services/src/Provident/Screnshots/BO_Login12-04-2019 08-48-22.png' width='10%' src='' data-src='D:\Repository\Credit_services/src/Provident/Screnshots/BO_Login12-04-2019 08-48-22.png'></td>
				</tr>
				<tr class='log' status='info'>
					<td class='status info' title='info' alt='info'><i class='material-icons'>info_outline</i></td>
					<td class='timestamp'>8:50:46 AM</td>
					<td class='step-details'>BO_cashposting Initiated</td>
				</tr>
				<tr class='log' status='fail'>
					<td class='status fail' title='fail' alt='fail'><i class='material-icons'>cancel</i></td>
					<td class='timestamp'>8:50:46 AM</td>
					<td class='step-details'>BO_cashposting has failed find the below Screenshot<img data-featherlight='D:\Repository\Credit_services/src/Provident/Screnshots/BO_cashposting12-04-2019 08-50-46.png' width='10%' src='' data-src='D:\Repository\Credit_services/src/Provident/Screnshots/BO_cashposting12-04-2019 08-50-46.png'></td>
				</tr>
				<tr class='log' status='fail'>
					<td class='status fail' title='fail' alt='fail'><i class='material-icons'>cancel</i></td>
					<td class='timestamp'>8:50:46 AM</td>
					<td class='step-details'>Agreement has not posted the payment as Settlement as expected</td>
				</tr>
				<tr class='log' status='info'>
					<td class='status info' title='info' alt='info'><i class='material-icons'>info_outline</i></td>
					<td class='timestamp'>8:50:47 AM</td>
					<td class='step-details'>BO_cashposting Initiated</td>
				</tr>
				<tr class='log' status='fail'>
					<td class='status fail' title='fail' alt='fail'><i class='material-icons'>cancel</i></td>
					<td class='timestamp'>8:50:48 AM</td>
					<td class='step-details'>BO_cashposting has failed find the below Screenshot<img data-featherlight='D:\Repository\Credit_services/src/Provident/Screnshots/BO_cashposting12-04-2019 08-50-48.png' width='10%' src='' data-src='D:\Repository\Credit_services/src/Provident/Screnshots/BO_cashposting12-04-2019 08-50-48.png'></td>
				</tr>
				<tr class='log' status='fail'>
					<td class='status fail' title='fail' alt='fail'><i class='material-icons'>cancel</i></td>
					<td class='timestamp'>8:50:48 AM</td>
					<td class='step-details'>org.openqa.selenium.WebDriverException: unknown error: Element <div tabindex="45" name="ViewTransactionsWindow.pbCancel" style="position: absolute; overflow: hidden; user-select: none; cursor: pointer; color: rgb(74, 74, 74); text-align: center; font-family: &quot;Calibri W01 Regular 904604&quot;, &quot;Calibri W01 Regular_904604&quot;, Calibri, Candara, Segoe, &quot;Segoe UI&quot;, Optima, Arial, sans-serif; font-size: 14px; font-weight: normal; font-style: normal; background: -webkit-gradient(linear, 0% 0%, 0% 100%, from(rgb(212, 212, 212)), to(rgb(212, 212, 212))), rgb(212, 212, 212); opacity: 1; outline: none; text-shadow: rgb(255, 255, 255) 0px 1px 0px; z-index: 2; border-width: 1px; border-style: solid; border-color: rgb(160, 179, 202); width: 47px; height: 25px; left: 0px; top: 0px;">...</div> is not clickable at point (931, 847). Other element would receive the click: <div style="position: fixed; z-index: 100059; color: black; outline: none; cursor: default; background: -webkit-gradient(linear, 0% 0%, 0% 100%, from(rgb(128, 128, 128)), to(rgb(128, 128, 128))), rgb(128, 128, 128); opacity: 0.2; width: 1920px; height: 1156px; left: 0px; top: 0px;"></div>
  (Session info: chrome=78.0.3904.87)
  (Driver info: chromedriver=2.36.540470 (e522d04694c7ebea4ba8821272dbef4f9b818c91),platform=Windows NT 6.3.9600 x86_64) (WARNING: The server did not provide any stacktrace information)
Command duration or timeout: 140 milliseconds
Build info: version: 'unknown', revision: '5234b32', time: '2017-03-10 09:00:17 -0800'
System info: host: 'GRVMDEVWKSH214', ip: '172.27.66.214', os.name: 'Windows Server 2012 R2', os.arch: 'amd64', os.version: '6.3', java.version: '1.8.0_221'
Driver info: org.openqa.selenium.chrome.ChromeDriver
Capabilities [{applicationCacheEnabled=false, rotatable=false, mobileEmulationEnabled=false, networkConnectionEnabled=false, chrome={chromedriverVersion=2.36.540470 (e522d04694c7ebea4ba8821272dbef4f9b818c91), userDataDir=C:\Users\liyakaS\AppData\Local\Temp\scoped_dir27724_17831}, takesHeapSnapshot=true, pageLoadStrategy=normal, databaseEnabled=false, handlesAlerts=true, hasTouchScreen=false, version=78.0.3904.87, platform=WIN8_1, browserConnectionEnabled=false, nativeEvents=true, acceptSslCerts=false, acceptInsecureCerts=false, locationContextEnabled=true, webStorageEnabled=true, browserName=chrome, takesScreenshot=true, javascriptEnabled=true, cssSelectorsEnabled=true, setWindowRect=true, unexpectedAlertBehaviour=}]
Session ID: 5ede7d39f3d620e711e485de7f95930f</td>
				</tr>
			</tbody>
		</table>
	</div>
					</div>
				</li>
				
				
				<li class='test displayed active  fail' status='fail' bdd='false' test-id='9'>
					<div class='test-heading'>
						<span class='test-name'>AGR32_TC122,139_1</span>
						<span class='test-time'>Dec 4, 2019 8:50:49 AM</span>
						<span class='test-status right fail'>fail</span>
					</div>
					<div class='test-content hide'>
<div class='test-time-info'>
	<span class='label start-time'>Dec 4, 2019 8:50:49 AM</span>
	<span class='label end-time'>Dec 4, 2019 8:51:06 AM</span>
	<span class='label time-taken grey lighten-1 white-text'>0h 0m 17s+968ms</span>
</div>
	<div class='test-desc'>Check that when a settlement quote is requested for an agreement arranged on the weekly product, the quote is valid for the number of days set in the End of Agreement | Settlement parameters for the product. </div>
	<div class='test-steps'>
		<table class='bordered table-results'>
			<thead>
				<tr>
					<th>Status</th>
					<th>Timestamp</th>
					<th>Details</th>
				</tr>
			</thead>
			<tbody>
				<tr class='log' status='info'>
					<td class='status info' title='info' alt='info'><i class='material-icons'>info_outline</i></td>
					<td class='timestamp'>8:51:06 AM</td>
					<td class='step-details'>BO_Login Initiated</td>
				</tr>
				<tr class='log' status='fail'>
					<td class='status fail' title='fail' alt='fail'><i class='material-icons'>cancel</i></td>
					<td class='timestamp'>8:51:06 AM</td>
					<td class='step-details'>BO_Login has failed find the below Screenshot<img data-featherlight='D:\Repository\Credit_services/src/Provident/Screnshots/BO_Login12-04-2019 08-51-06.png' width='10%' src='' data-src='D:\Repository\Credit_services/src/Provident/Screnshots/BO_Login12-04-2019 08-51-06.png'></td>
				</tr>
				<tr class='log' status='fail'>
					<td class='status fail' title='fail' alt='fail'><i class='material-icons'>cancel</i></td>
					<td class='timestamp'>8:51:06 AM</td>
					<td class='step-details'>org.openqa.selenium.NoSuchElementException: no such element: Unable to locate element: {"method":"xpath","selector":"html/body/div[2]/div[2]/div/div[2]/div[2]/input"}
  (Session info: chrome=78.0.3904.87)
  (Driver info: chromedriver=2.36.540470 (e522d04694c7ebea4ba8821272dbef4f9b818c91),platform=Windows NT 6.3.9600 x86_64) (WARNING: The server did not provide any stacktrace information)
Command duration or timeout: 5.06 seconds
For documentation on this error, please visit: http://seleniumhq.org/exceptions/no_such_element.html
Build info: version: 'unknown', revision: '5234b32', time: '2017-03-10 09:00:17 -0800'
System info: host: 'GRVMDEVWKSH214', ip: '172.27.66.214', os.name: 'Windows Server 2012 R2', os.arch: 'amd64', os.version: '6.3', java.version: '1.8.0_221'
Driver info: org.openqa.selenium.chrome.ChromeDriver
Capabilities [{applicationCacheEnabled=false, rotatable=false, mobileEmulationEnabled=false, networkConnectionEnabled=false, chrome={chromedriverVersion=2.36.540470 (e522d04694c7ebea4ba8821272dbef4f9b818c91), userDataDir=C:\Users\liyakaS\AppData\Local\Temp\scoped_dir27724_17831}, takesHeapSnapshot=true, pageLoadStrategy=normal, databaseEnabled=false, handlesAlerts=true, hasTouchScreen=false, version=78.0.3904.87, platform=WIN8_1, browserConnectionEnabled=false, nativeEvents=true, acceptSslCerts=false, acceptInsecureCerts=false, locationContextEnabled=true, webStorageEnabled=true, browserName=chrome, takesScreenshot=true, javascriptEnabled=true, cssSelectorsEnabled=true, setWindowRect=true, unexpectedAlertBehaviour=}]
Session ID: 5ede7d39f3d620e711e485de7f95930f
*** Element info: {Using=xpath, value=html/body/div[2]/div[2]/div/div[2]/div[2]/input}</td>
				</tr>
			</tbody>
		</table>
	</div>
					</div>
				</li>
				
				
				<li class='test displayed active  fail' status='fail' bdd='false' test-id='10'>
					<div class='test-heading'>
						<span class='test-name'>AGR32_TC123_1</span>
						<span class='test-time'>Dec 4, 2019 8:51:07 AM</span>
						<span class='test-status right fail'>fail</span>
					</div>
					<div class='test-content hide'>
<div class='test-time-info'>
	<span class='label start-time'>Dec 4, 2019 8:51:07 AM</span>
	<span class='label end-time'>Dec 4, 2019 8:52:40 AM</span>
	<span class='label time-taken grey lighten-1 white-text'>0h 1m 32s+965ms</span>
</div>
	<div class='test-desc'>Check that when a payment is made via Back Office that matches the settlement quote 'settlement' figure, the payment is recognised as a settlement payment and transaction is posted as a SET transaction. </div>
	<div class='test-steps'>
		<table class='bordered table-results'>
			<thead>
				<tr>
					<th>Status</th>
					<th>Timestamp</th>
					<th>Details</th>
				</tr>
			</thead>
			<tbody>
				<tr class='log' status='info'>
					<td class='status info' title='info' alt='info'><i class='material-icons'>info_outline</i></td>
					<td class='timestamp'>8:51:15 AM</td>
					<td class='step-details'>BO_Login</td>
				</tr>
				<tr class='log' status='pass'>
					<td class='status pass' title='pass' alt='pass'><i class='material-icons'>check_circle</i></td>
					<td class='timestamp'>8:51:16 AM</td>
					<td class='step-details'>BO_Login has executed successfully<img data-featherlight='D:\Repository\Credit_services/src/Provident/Screnshots/BO_Login12-04-2019 08-51-16.png' width='10%' src='' data-src='D:\Repository\Credit_services/src/Provident/Screnshots/BO_Login12-04-2019 08-51-16.png'></td>
				</tr>
				<tr class='log' status='info'>
					<td class='status info' title='info' alt='info'><i class='material-icons'>info_outline</i></td>
					<td class='timestamp'>8:51:47 AM</td>
					<td class='step-details'>searchAgreement Initiated</td>
				</tr>
				<tr class='log' status='fail'>
					<td class='status fail' title='fail' alt='fail'><i class='material-icons'>cancel</i></td>
					<td class='timestamp'>8:51:48 AM</td>
					<td class='step-details'>searchAgreement has failed find the below Screenshot<img data-featherlight='D:\Repository\Credit_services/src/Provident/Screnshots/searchAgreement12-04-2019 08-51-48.png' width='10%' src='' data-src='D:\Repository\Credit_services/src/Provident/Screnshots/searchAgreement12-04-2019 08-51-48.png'></td>
				</tr>
				<tr class='log' status='fail'>
					<td class='status fail' title='fail' alt='fail'><i class='material-icons'>cancel</i></td>
					<td class='timestamp'>8:51:48 AM</td>
					<td class='step-details'>org.openqa.selenium.NoSuchElementException: no such element: Unable to locate element: {"method":"xpath","selector":"//html/body/div[6]/div[2]/div/div/div[1]/div/div/div[1]/div[2]/input"}
  (Session info: chrome=78.0.3904.87)
  (Driver info: chromedriver=2.36.540470 (e522d04694c7ebea4ba8821272dbef4f9b818c91),platform=Windows NT 6.3.9600 x86_64) (WARNING: The server did not provide any stacktrace information)
Command duration or timeout: 5.07 seconds
For documentation on this error, please visit: http://seleniumhq.org/exceptions/no_such_element.html
Build info: version: 'unknown', revision: '5234b32', time: '2017-03-10 09:00:17 -0800'
System info: host: 'GRVMDEVWKSH214', ip: '172.27.66.214', os.name: 'Windows Server 2012 R2', os.arch: 'amd64', os.version: '6.3', java.version: '1.8.0_221'
Driver info: org.openqa.selenium.chrome.ChromeDriver
Capabilities [{applicationCacheEnabled=false, rotatable=false, mobileEmulationEnabled=false, networkConnectionEnabled=false, chrome={chromedriverVersion=2.36.540470 (e522d04694c7ebea4ba8821272dbef4f9b818c91), userDataDir=C:\Users\liyakaS\AppData\Local\Temp\scoped_dir27724_17831}, takesHeapSnapshot=true, pageLoadStrategy=normal, databaseEnabled=false, handlesAlerts=true, hasTouchScreen=false, version=78.0.3904.87, platform=WIN8_1, browserConnectionEnabled=false, nativeEvents=true, acceptSslCerts=false, acceptInsecureCerts=false, locationContextEnabled=true, webStorageEnabled=true, browserName=chrome, takesScreenshot=true, javascriptEnabled=true, cssSelectorsEnabled=true, setWindowRect=true, unexpectedAlertBehaviour=}]
Session ID: 5ede7d39f3d620e711e485de7f95930f
*** Element info: {Using=xpath, value=//html/body/div[6]/div[2]/div/div/div[1]/div/div/div[1]/div[2]/input}</td>
				</tr>
				<tr class='log' status='info'>
					<td class='status info' title='info' alt='info'><i class='material-icons'>info_outline</i></td>
					<td class='timestamp'>8:51:57 AM</td>
					<td class='step-details'>BO_Settlement_Quote Initiated</td>
				</tr>
				<tr class='log' status='fail'>
					<td class='status fail' title='fail' alt='fail'><i class='material-icons'>cancel</i></td>
					<td class='timestamp'>8:51:58 AM</td>
					<td class='step-details'>BO_Settlement_Quote has failed find the below Screenshot<img data-featherlight='D:\Repository\Credit_services/src/Provident/Screnshots/BO_Settlement_Quote12-04-2019 08-51-58.png' width='10%' src='' data-src='D:\Repository\Credit_services/src/Provident/Screnshots/BO_Settlement_Quote12-04-2019 08-51-58.png'></td>
				</tr>
				<tr class='log' status='fail'>
					<td class='status fail' title='fail' alt='fail'><i class='material-icons'>cancel</i></td>
					<td class='timestamp'>8:51:58 AM</td>
					<td class='step-details'>org.openqa.selenium.NoSuchElementException: no such element: Unable to locate element: {"method":"xpath","selector":"//div[@name='MaintainAgreementDetailsWindow.Maintain']"}
  (Session info: chrome=78.0.3904.87)
  (Driver info: chromedriver=2.36.540470 (e522d04694c7ebea4ba8821272dbef4f9b818c91),platform=Windows NT 6.3.9600 x86_64) (WARNING: The server did not provide any stacktrace information)
Command duration or timeout: 5.06 seconds
For documentation on this error, please visit: http://seleniumhq.org/exceptions/no_such_element.html
Build info: version: 'unknown', revision: '5234b32', time: '2017-03-10 09:00:17 -0800'
System info: host: 'GRVMDEVWKSH214', ip: '172.27.66.214', os.name: 'Windows Server 2012 R2', os.arch: 'amd64', os.version: '6.3', java.version: '1.8.0_221'
Driver info: org.openqa.selenium.chrome.ChromeDriver
Capabilities [{applicationCacheEnabled=false, rotatable=false, mobileEmulationEnabled=false, networkConnectionEnabled=false, chrome={chromedriverVersion=2.36.540470 (e522d04694c7ebea4ba8821272dbef4f9b818c91), userDataDir=C:\Users\liyakaS\AppData\Local\Temp\scoped_dir27724_17831}, takesHeapSnapshot=true, pageLoadStrategy=normal, databaseEnabled=false, handlesAlerts=true, hasTouchScreen=false, version=78.0.3904.87, platform=WIN8_1, browserConnectionEnabled=false, nativeEvents=true, acceptSslCerts=false, acceptInsecureCerts=false, locationContextEnabled=true, webStorageEnabled=true, browserName=chrome, takesScreenshot=true, javascriptEnabled=true, cssSelectorsEnabled=true, setWindowRect=true, unexpectedAlertBehaviour=}]
Session ID: 5ede7d39f3d620e711e485de7f95930f
*** Element info: {Using=xpath, value=//div[@name='MaintainAgreementDetailsWindow.Maintain']}</td>
				</tr>
				<tr class='log' status='info'>
					<td class='status info' title='info' alt='info'><i class='material-icons'>info_outline</i></td>
					<td class='timestamp'>8:52:39 AM</td>
					<td class='step-details'>BO_cashposting Initiated</td>
				</tr>
				<tr class='log' status='fail'>
					<td class='status fail' title='fail' alt='fail'><i class='material-icons'>cancel</i></td>
					<td class='timestamp'>8:52:40 AM</td>
					<td class='step-details'>BO_cashposting has failed find the below Screenshot<img data-featherlight='D:\Repository\Credit_services/src/Provident/Screnshots/BO_cashposting12-04-2019 08-52-40.png' width='10%' src='' data-src='D:\Repository\Credit_services/src/Provident/Screnshots/BO_cashposting12-04-2019 08-52-40.png'></td>
				</tr>
				<tr class='log' status='fail'>
					<td class='status fail' title='fail' alt='fail'><i class='material-icons'>cancel</i></td>
					<td class='timestamp'>8:52:40 AM</td>
					<td class='step-details'>org.openqa.selenium.WebDriverException: unknown error: Element <div style="overflow: hidden; user-select: none; height: 28px; position: relative; border-width: 0px 0px 1px; border-style: solid; z-index: 0; width: 1170px; border-bottom-color: transparent; font-family: &quot;Calibri W01 Regular 904604&quot;, &quot;Calibri W01 Regular_904604&quot;, Calibri, Candara, Segoe, &quot;Segoe UI&quot;, Optima, Arial, sans-serif; font-size: 14px; font-weight: normal; font-style: normal; background: -webkit-gradient(linear, 0% 0%, 0% 100%, from(rgb(240, 240, 240)), to(rgb(240, 240, 240))), rgb(240, 240, 240); color: rgb(255, 255, 255);">...</div> is not clickable at point (1244, 392). Other element would receive the click: <div style="position: fixed; z-index: 100039; color: black; outline: none; cursor: default; background: -webkit-gradient(linear, 0% 0%, 0% 100%, from(rgb(128, 128, 128)), to(rgb(128, 128, 128))), rgb(128, 128, 128); opacity: 0.2; width: 1920px; height: 1156px; left: 0px; top: 0px;"></div>
  (Session info: chrome=78.0.3904.87)
  (Driver info: chromedriver=2.36.540470 (e522d04694c7ebea4ba8821272dbef4f9b818c91),platform=Windows NT 6.3.9600 x86_64) (WARNING: The server did not provide any stacktrace information)
Command duration or timeout: 79 milliseconds
Build info: version: 'unknown', revision: '5234b32', time: '2017-03-10 09:00:17 -0800'
System info: host: 'GRVMDEVWKSH214', ip: '172.27.66.214', os.name: 'Windows Server 2012 R2', os.arch: 'amd64', os.version: '6.3', java.version: '1.8.0_221'
Driver info: org.openqa.selenium.chrome.ChromeDriver
Capabilities [{applicationCacheEnabled=false, rotatable=false, mobileEmulationEnabled=false, networkConnectionEnabled=false, chrome={chromedriverVersion=2.36.540470 (e522d04694c7ebea4ba8821272dbef4f9b818c91), userDataDir=C:\Users\liyakaS\AppData\Local\Temp\scoped_dir27724_17831}, takesHeapSnapshot=true, pageLoadStrategy=normal, databaseEnabled=false, handlesAlerts=true, hasTouchScreen=false, version=78.0.3904.87, platform=WIN8_1, browserConnectionEnabled=false, nativeEvents=true, acceptSslCerts=false, acceptInsecureCerts=false, locationContextEnabled=true, webStorageEnabled=true, browserName=chrome, takesScreenshot=true, javascriptEnabled=true, cssSelectorsEnabled=true, setWindowRect=true, unexpectedAlertBehaviour=}]
Session ID: 5ede7d39f3d620e711e485de7f95930f</td>
				</tr>
			</tbody>
		</table>
	</div>
					</div>
				</li>
				
				
				<li class='test displayed active  fail' status='fail' bdd='false' test-id='11'>
					<div class='test-heading'>
						<span class='test-name'>AGR30_TC137_1</span>
						<span class='test-time'>Dec 4, 2019 8:52:41 AM</span>
						<span class='test-status right fail'>fail</span>
					</div>
					<div class='test-content hide'>
<div class='test-time-info'>
	<span class='label start-time'>Dec 4, 2019 8:52:41 AM</span>
	<span class='label end-time'>Dec 4, 2019 8:53:38 AM</span>
	<span class='label time-taken grey lighten-1 white-text'>0h 0m 57s+554ms</span>
</div>
	<div class='test-desc'>Verify that a MONA6 letter is automatically triggered. The letter contains the correct values in the variables defined. </div>
	<div class='test-steps'>
		<table class='bordered table-results'>
			<thead>
				<tr>
					<th>Status</th>
					<th>Timestamp</th>
					<th>Details</th>
				</tr>
			</thead>
			<tbody>
				<tr class='log' status='info'>
					<td class='status info' title='info' alt='info'><i class='material-icons'>info_outline</i></td>
					<td class='timestamp'>8:52:50 AM</td>
					<td class='step-details'>BO_Login</td>
				</tr>
				<tr class='log' status='pass'>
					<td class='status pass' title='pass' alt='pass'><i class='material-icons'>check_circle</i></td>
					<td class='timestamp'>8:52:50 AM</td>
					<td class='step-details'>BO_Login has executed successfully<img data-featherlight='D:\Repository\Credit_services/src/Provident/Screnshots/BO_Login12-04-2019 08-52-50.png' width='10%' src='' data-src='D:\Repository\Credit_services/src/Provident/Screnshots/BO_Login12-04-2019 08-52-50.png'></td>
				</tr>
				<tr class='log' status='info'>
					<td class='status info' title='info' alt='info'><i class='material-icons'>info_outline</i></td>
					<td class='timestamp'>8:53:38 AM</td>
					<td class='step-details'>BO_DocumentVerification Initiated</td>
				</tr>
				<tr class='log' status='fail'>
					<td class='status fail' title='fail' alt='fail'><i class='material-icons'>cancel</i></td>
					<td class='timestamp'>8:53:38 AM</td>
					<td class='step-details'>BO_DocumentVerification has failed find the below Screenshot<img data-featherlight='D:\Repository\Credit_services/src/Provident/Screnshots/BO_DocumentVerification12-04-2019 08-53-38.png' width='10%' src='' data-src='D:\Repository\Credit_services/src/Provident/Screnshots/BO_DocumentVerification12-04-2019 08-53-38.png'></td>
				</tr>
				<tr class='log' status='fail'>
					<td class='status fail' title='fail' alt='fail'><i class='material-icons'>cancel</i></td>
					<td class='timestamp'>8:53:38 AM</td>
					<td class='step-details'>For The customer agreement  NOSIA Letter Document has not generated</td>
				</tr>
			</tbody>
		</table>
	</div>
					</div>
				</li>
			</ul>
		</div>
	</div>
	<!-- subview left -->

	<div class='subview-right left'>
		<div class='view-summary'>
			<h5 class='test-name'></h5>

			<div id='step-filters' class="right">
				<span class="blue-text" status="info" alt="info" title="info"><i class="material-icons">info_outline</i></span>
				<span class="green-text" status="pass" alt="pass" title="pass"><i class="material-icons">check_circle</i></span>
				<span class="red-text" status="fail" alt="fail" title="fail"><i class="material-icons">cancel</i></span>
				<span class="red-text text-darken-4" status="fatal" alt="fatal" title="fatal"><i class="material-icons">cancel</i></span>
				<span class="pink-text text-lighten-1" status="error" alt="error" title="error"><i class="material-icons">error</i></span>
				<span class="orange-text" alt="warning" status="warning" title="warning"><i class="material-icons">warning</i></span>
				<span class="teal-text" status="skip" alt="skip" title="skip"><i class="material-icons">redo</i></span>
				<span status="clear" alt="Clear filters" title="Clear filters"><i class="material-icons">clear</i></span>
			</div>
		</div>
	</div>
	<!-- subview right -->

</div>
<!-- test view --><!-- category view --><!-- exception view --><div id='dashboard-view' class='view hide'>
	<div class='card-panel transparent np-v'>
		<h5>Dashboard</h5>

		<div class='row'>
			<div class='col s2'>
				<div class='card-panel r'>
					Tests
					<div class='panel-lead'>11</div>
				</div>
			</div>
			<div class='col s2'>
				<div class='card-panel r'>
					Steps
					<div class='panel-lead'>57</div>
				</div>
			</div>
			<div class='col s2'>
				<div class='card-panel r'>
					Start
					<div class='panel-lead'>Dec 4, 2019 8:43:35 AM</div>
				</div>
			</div>
			<div class='col s2'>
				<div class='card-panel r'>
			 		End
			 		<div class='panel-lead'>Dec 4, 2019 8:53:39 AM</div>
				</div>
			</div>
			<div class='col s2'>
				<div class='card-panel r'>
					Time Taken
					<div class='panel-lead'>604,204ms</div>
				</div>
			</div>
		</div>
	</div>
</div>
<!-- dashboard view --><!-- testrunner-logs view -->
		</div>
		<!-- container -->

		<script>
			var statusGroup = {
				passParent: 3,
				failParent: 8,
				fatalParent: 0,
				errorParent: 0,
				warningParent: 0,
				skipParent: 0,
				exceptionsParent: 8,
				
				passChild: 9,
				failChild: 26,
				fatalChild: 0,
				errorChild: 0,
				warningChild: 0,
				skipChild: 0,
				infoChild: 22,
				exceptionsChild: 26,
				
				passGrandChild: 0,
				failGrandChild: 0,
				fatalGrandChild: 0,
				errorGrandChild: 0,
				warningGrandChild: 0,
				skipGrandChild: 0,
				infoGrandChild: 0,
				exceptionsGrandChild: 0,
			};
		</script>
		
			<script src='https://cdn.rawgit.com/anshooarora/extentreports-java/9fa70d0ed9c34a8ed445ceee3494d3d7de7f8918/dist/js/extent.js' type='text/javascript'></script>
		
		
	</body>
	
</html>
